<?xml version="1.0" encoding="utf-8"?>
<!-- Devart (www.devart.com), SQL document design file -->
<!-- Modifying this generated file will probably render it invalid -->
<Document>
  <Properties>
    <Type>SQL Document Design</Type>
    <DatabaseProvider>77a9b459-6f15-4675-8e18-cdd88f58e376</DatabaseProvider>
    <ProviderVersion>2.2.207.0</ProviderVersion>
    <SchemaVersion>2.0</SchemaVersion>
  </Properties>
  <Connection Name="postgres.localhost1">
    <Category>00000000-0000-0000-0000-000000000000</Category>
    <ConnectionString>User Id=postgres;Host=localhost;Port=5432;Database=tienda;Unicode=True;Connection Timeout=15;Default Command Timeout=30;Integrated Security=False</ConnectionString>
    <Database>tienda</Database>
  </Connection>
  <Views ShowAdditionalViews="False" IsLayoutActiveAttribute="True" MainViewAttribute="Code" MainViewScale="50">
    <View Name="Code" Active="True" Visible="True">
      <Data />
    </View>
    <View Name="Data" Visible="True" />
    <View Name="Profiler" Visible="True">
      <Data>
        <ProfilerHistory>
          <ProfilerResult Date="2020-01-24 10:35:35Z" DisplayName="" Duration="0">
            <SQL>SELECT f.nombre FROM fabricante f LEFT JOIN producto p ON f.codigo = p.codigo_fabricante
GROUP BY f.nombre
HAVING sum(p.precio) &gt; 1000;</SQL>
            <Properties>
              <PropertiesRow>
                <Name>ConnectionString</Name>
                <Value>User Id=postgres;Host=localhost;Port=5432;Database=tienda;Unicode=True;Connection Timeout=15;Default Command Timeout=30;Integrated Security=False</Value>
              </PropertiesRow>
              <PropertiesRow>
                <Name>ServerVersion</Name>
                <Value>12.1</Value>
              </PropertiesRow>
              <PropertiesRow>
                <Name>ProfilingResultTime</Name>
                <Value>10:35:35 24/01/2020</Value>
              </PropertiesRow>
            </Properties>
            <Elements>
              <Element Name="SELECT f.nombre FROM fabricante f LEFT JOIN producto p ON f.codigo = p.codigo_fabricante&#xD;&#xA;GROUP BY f.nombre&#xD;&#xA;HAVING sum(p.precio) &gt; 1000;"><explain xmlns="http://www.postgresql.org/2009/explain">
  <Query>
    <Plan>
      <Node-Type>Aggregate</Node-Type>
      <Strategy>Hashed</Strategy>
      <Partial-Mode>Simple</Partial-Mode>
      <Parallel-Aware>false</Parallel-Aware>
      <Startup-Cost>32.72</Startup-Cost>
      <Total-Cost>35.22</Total-Cost>
      <Plan-Rows>67</Plan-Rows>
      <Plan-Width>218</Plan-Width>
      <Actual-Startup-Time>0.132</Actual-Startup-Time>
      <Actual-Total-Time>0.134</Actual-Total-Time>
      <Actual-Rows>1</Actual-Rows>
      <Actual-Loops>1</Actual-Loops>
      <Output>
        <Item>f.nombre</Item>
      </Output>
      <Group-Key>
        <Item>f.nombre</Item>
      </Group-Key>
      <Filter>(sum(p.precio) &gt; '1000'::double precision)</Filter>
      <Rows-Removed-by-Filter>8</Rows-Removed-by-Filter>
      <Shared-Hit-Blocks>5</Shared-Hit-Blocks>
      <Shared-Read-Blocks>0</Shared-Read-Blocks>
      <Shared-Dirtied-Blocks>0</Shared-Dirtied-Blocks>
      <Shared-Written-Blocks>0</Shared-Written-Blocks>
      <Local-Hit-Blocks>0</Local-Hit-Blocks>
      <Local-Read-Blocks>0</Local-Read-Blocks>
      <Local-Dirtied-Blocks>0</Local-Dirtied-Blocks>
      <Local-Written-Blocks>0</Local-Written-Blocks>
      <Temp-Read-Blocks>0</Temp-Read-Blocks>
      <Temp-Written-Blocks>0</Temp-Written-Blocks>
      <Plans>
        <Plan>
          <Node-Type>Hash Join</Node-Type>
          <Parent-Relationship>Outer</Parent-Relationship>
          <Parallel-Aware>false</Parallel-Aware>
          <Join-Type>Right</Join-Type>
          <Startup-Cost>17.20</Startup-Cost>
          <Total-Cost>31.12</Total-Cost>
          <Plan-Rows>320</Plan-Rows>
          <Plan-Width>226</Plan-Width>
          <Actual-Startup-Time>0.089</Actual-Startup-Time>
          <Actual-Total-Time>0.101</Actual-Total-Time>
          <Actual-Rows>13</Actual-Rows>
          <Actual-Loops>1</Actual-Loops>
          <Output>
            <Item>f.nombre</Item>
            <Item>p.precio</Item>
          </Output>
          <Inner-Unique>true</Inner-Unique>
          <Hash-Cond>(p.codigo_fabricante = f.codigo)</Hash-Cond>
          <Shared-Hit-Blocks>5</Shared-Hit-Blocks>
          <Shared-Read-Blocks>0</Shared-Read-Blocks>
          <Shared-Dirtied-Blocks>0</Shared-Dirtied-Blocks>
          <Shared-Written-Blocks>0</Shared-Written-Blocks>
          <Local-Hit-Blocks>0</Local-Hit-Blocks>
          <Local-Read-Blocks>0</Local-Read-Blocks>
          <Local-Dirtied-Blocks>0</Local-Dirtied-Blocks>
          <Local-Written-Blocks>0</Local-Written-Blocks>
          <Temp-Read-Blocks>0</Temp-Read-Blocks>
          <Temp-Written-Blocks>0</Temp-Written-Blocks>
          <Plans>
            <Plan>
              <Node-Type>Seq Scan</Node-Type>
              <Parent-Relationship>Outer</Parent-Relationship>
              <Parallel-Aware>false</Parallel-Aware>
              <Relation-Name>producto</Relation-Name>
              <Schema>public</Schema>
              <Alias>p</Alias>
              <Startup-Cost>0.00</Startup-Cost>
              <Total-Cost>13.10</Total-Cost>
              <Plan-Rows>310</Plan-Rows>
              <Plan-Width>12</Plan-Width>
              <Actual-Startup-Time>0.012</Actual-Startup-Time>
              <Actual-Total-Time>0.014</Actual-Total-Time>
              <Actual-Rows>11</Actual-Rows>
              <Actual-Loops>1</Actual-Loops>
              <Output>
                <Item>p.codigo</Item>
                <Item>p.nombre</Item>
                <Item>p.precio</Item>
                <Item>p.codigo_fabricante</Item>
              </Output>
              <Shared-Hit-Blocks>1</Shared-Hit-Blocks>
              <Shared-Read-Blocks>0</Shared-Read-Blocks>
              <Shared-Dirtied-Blocks>0</Shared-Dirtied-Blocks>
              <Shared-Written-Blocks>0</Shared-Written-Blocks>
              <Local-Hit-Blocks>0</Local-Hit-Blocks>
              <Local-Read-Blocks>0</Local-Read-Blocks>
              <Local-Dirtied-Blocks>0</Local-Dirtied-Blocks>
              <Local-Written-Blocks>0</Local-Written-Blocks>
              <Temp-Read-Blocks>0</Temp-Read-Blocks>
              <Temp-Written-Blocks>0</Temp-Written-Blocks>
            </Plan>
            <Plan>
              <Node-Type>Hash</Node-Type>
              <Parent-Relationship>Inner</Parent-Relationship>
              <Parallel-Aware>false</Parallel-Aware>
              <Startup-Cost>13.20</Startup-Cost>
              <Total-Cost>13.20</Total-Cost>
              <Plan-Rows>320</Plan-Rows>
              <Plan-Width>222</Plan-Width>
              <Actual-Startup-Time>0.043</Actual-Startup-Time>
              <Actual-Total-Time>0.043</Actual-Total-Time>
              <Actual-Rows>9</Actual-Rows>
              <Actual-Loops>1</Actual-Loops>
              <Output>
                <Item>f.nombre</Item>
                <Item>f.codigo</Item>
              </Output>
              <Hash-Buckets>1024</Hash-Buckets>
              <Original-Hash-Buckets>1024</Original-Hash-Buckets>
              <Hash-Batches>1</Hash-Batches>
              <Original-Hash-Batches>1</Original-Hash-Batches>
              <Peak-Memory-Usage>9</Peak-Memory-Usage>
              <Shared-Hit-Blocks>1</Shared-Hit-Blocks>
              <Shared-Read-Blocks>0</Shared-Read-Blocks>
              <Shared-Dirtied-Blocks>0</Shared-Dirtied-Blocks>
              <Shared-Written-Blocks>0</Shared-Written-Blocks>
              <Local-Hit-Blocks>0</Local-Hit-Blocks>
              <Local-Read-Blocks>0</Local-Read-Blocks>
              <Local-Dirtied-Blocks>0</Local-Dirtied-Blocks>
              <Local-Written-Blocks>0</Local-Written-Blocks>
              <Temp-Read-Blocks>0</Temp-Read-Blocks>
              <Temp-Written-Blocks>0</Temp-Written-Blocks>
              <Plans>
                <Plan>
                  <Node-Type>Seq Scan</Node-Type>
                  <Parent-Relationship>Outer</Parent-Relationship>
                  <Parallel-Aware>false</Parallel-Aware>
                  <Relation-Name>fabricante</Relation-Name>
                  <Schema>public</Schema>
                  <Alias>f</Alias>
                  <Startup-Cost>0.00</Startup-Cost>
                  <Total-Cost>13.20</Total-Cost>
                  <Plan-Rows>320</Plan-Rows>
                  <Plan-Width>222</Plan-Width>
                  <Actual-Startup-Time>0.022</Actual-Startup-Time>
                  <Actual-Total-Time>0.024</Actual-Total-Time>
                  <Actual-Rows>9</Actual-Rows>
                  <Actual-Loops>1</Actual-Loops>
                  <Output>
                    <Item>f.nombre</Item>
                    <Item>f.codigo</Item>
                  </Output>
                  <Shared-Hit-Blocks>1</Shared-Hit-Blocks>
                  <Shared-Read-Blocks>0</Shared-Read-Blocks>
                  <Shared-Dirtied-Blocks>0</Shared-Dirtied-Blocks>
                  <Shared-Written-Blocks>0</Shared-Written-Blocks>
                  <Local-Hit-Blocks>0</Local-Hit-Blocks>
                  <Local-Read-Blocks>0</Local-Read-Blocks>
                  <Local-Dirtied-Blocks>0</Local-Dirtied-Blocks>
                  <Local-Written-Blocks>0</Local-Written-Blocks>
                  <Temp-Read-Blocks>0</Temp-Read-Blocks>
                  <Temp-Written-Blocks>0</Temp-Written-Blocks>
                </Plan>
              </Plans>
            </Plan>
          </Plans>
        </Plan>
      </Plans>
    </Plan>
    <Planning-Time>1.288</Planning-Time>
    <Triggers>
    </Triggers>
    <Execution-Time>0.227</Execution-Time>
  </Query>
</explain></Element>
            </Elements>
          </ProfilerResult>
          <ProfilerResult Date="2020-01-24 10:56:25Z" DisplayName="" Duration="0">
            <SQL>select * from producto p 
where p.codigo_fabricante = (SELECT f.codigo FROM fabricante f WHERE f.nombre ='Lenovo');</SQL>
            <Properties>
              <PropertiesRow>
                <Name>ConnectionString</Name>
                <Value>User Id=postgres;Host=localhost;Port=5432;Database=tienda;Unicode=True;Connection Timeout=15;Default Command Timeout=30;Integrated Security=False</Value>
              </PropertiesRow>
              <PropertiesRow>
                <Name>ServerVersion</Name>
                <Value>12.1</Value>
              </PropertiesRow>
              <PropertiesRow>
                <Name>ProfilingResultTime</Name>
                <Value>10:56:25 24/01/2020</Value>
              </PropertiesRow>
            </Properties>
            <Elements>
              <Element Name="select * from producto p &#xD;&#xA;where p.codigo_fabricante = (SELECT f.codigo FROM fabricante f WHERE f.nombre ='Lenovo');"><explain xmlns="http://www.postgresql.org/2009/explain">
  <Query>
    <Plan>
      <Node-Type>Seq Scan</Node-Type>
      <Parallel-Aware>false</Parallel-Aware>
      <Relation-Name>producto</Relation-Name>
      <Schema>public</Schema>
      <Alias>p</Alias>
      <Startup-Cost>14.00</Startup-Cost>
      <Total-Cost>27.88</Total-Cost>
      <Plan-Rows>2</Plan-Rows>
      <Plan-Width>234</Plan-Width>
      <Actual-Startup-Time>0.040</Actual-Startup-Time>
      <Actual-Total-Time>0.040</Actual-Total-Time>
      <Actual-Rows>2</Actual-Rows>
      <Actual-Loops>1</Actual-Loops>
      <Output>
        <Item>p.codigo</Item>
        <Item>p.nombre</Item>
        <Item>p.precio</Item>
        <Item>p.codigo_fabricante</Item>
      </Output>
      <Filter>(p.codigo_fabricante = $0)</Filter>
      <Rows-Removed-by-Filter>9</Rows-Removed-by-Filter>
      <Shared-Hit-Blocks>2</Shared-Hit-Blocks>
      <Shared-Read-Blocks>0</Shared-Read-Blocks>
      <Shared-Dirtied-Blocks>0</Shared-Dirtied-Blocks>
      <Shared-Written-Blocks>0</Shared-Written-Blocks>
      <Local-Hit-Blocks>0</Local-Hit-Blocks>
      <Local-Read-Blocks>0</Local-Read-Blocks>
      <Local-Dirtied-Blocks>0</Local-Dirtied-Blocks>
      <Local-Written-Blocks>0</Local-Written-Blocks>
      <Temp-Read-Blocks>0</Temp-Read-Blocks>
      <Temp-Written-Blocks>0</Temp-Written-Blocks>
      <Plans>
        <Plan>
          <Node-Type>Seq Scan</Node-Type>
          <Parent-Relationship>InitPlan</Parent-Relationship>
          <Subplan-Name>InitPlan 1 (returns $0)</Subplan-Name>
          <Parallel-Aware>false</Parallel-Aware>
          <Relation-Name>fabricante</Relation-Name>
          <Schema>public</Schema>
          <Alias>f</Alias>
          <Startup-Cost>0.00</Startup-Cost>
          <Total-Cost>14.00</Total-Cost>
          <Plan-Rows>2</Plan-Rows>
          <Plan-Width>4</Plan-Width>
          <Actual-Startup-Time>0.018</Actual-Startup-Time>
          <Actual-Total-Time>0.019</Actual-Total-Time>
          <Actual-Rows>1</Actual-Rows>
          <Actual-Loops>1</Actual-Loops>
          <Output>
            <Item>f.codigo</Item>
          </Output>
          <Filter>((f.nombre)::text = 'Lenovo'::text)</Filter>
          <Rows-Removed-by-Filter>8</Rows-Removed-by-Filter>
          <Shared-Hit-Blocks>1</Shared-Hit-Blocks>
          <Shared-Read-Blocks>0</Shared-Read-Blocks>
          <Shared-Dirtied-Blocks>0</Shared-Dirtied-Blocks>
          <Shared-Written-Blocks>0</Shared-Written-Blocks>
          <Local-Hit-Blocks>0</Local-Hit-Blocks>
          <Local-Read-Blocks>0</Local-Read-Blocks>
          <Local-Dirtied-Blocks>0</Local-Dirtied-Blocks>
          <Local-Written-Blocks>0</Local-Written-Blocks>
          <Temp-Read-Blocks>0</Temp-Read-Blocks>
          <Temp-Written-Blocks>0</Temp-Written-Blocks>
        </Plan>
      </Plans>
    </Plan>
    <Planning-Time>0.774</Planning-Time>
    <Triggers>
    </Triggers>
    <Execution-Time>0.131</Execution-Time>
  </Query>
</explain></Element>
            </Elements>
          </ProfilerResult>
          <ProfilerResult Date="2020-01-24 11:33:44Z" DisplayName="" Duration="0">
            <SQL>SELECT c2.preciomax, c2.nombre, f.nombre FROM
  (SELECT preciomax, p.nombre, c1.codigo_fabricante FROM
    (SELECT MAX(precio) AS preciomax, codigo_fabricante FROM producto 
      GROUP BY codigo_fabricante) c1
    JOIN producto p ON c1.codigo_fabricante = p.codigo_fabricante
    WHERE p.precio=c1.preciomax) c2
    JOIN fabricante f ON f.codigo = c2.codigo_fabricante;</SQL>
            <Properties>
              <PropertiesRow>
                <Name>ConnectionString</Name>
                <Value>User Id=postgres;Host=localhost;Port=5432;Database=tienda;Unicode=True;Connection Timeout=15;Default Command Timeout=30;Integrated Security=False</Value>
              </PropertiesRow>
              <PropertiesRow>
                <Name>ServerVersion</Name>
                <Value>12.1</Value>
              </PropertiesRow>
              <PropertiesRow>
                <Name>ProfilingResultTime</Name>
                <Value>11:33:44 24/01/2020</Value>
              </PropertiesRow>
            </Properties>
            <Elements>
              <Element Name="SELECT c2.preciomax, c2.nombre, f.nombre FROM&#xD;&#xA;  (SELECT preciomax, p.nombre, c1.codigo_fabricante FROM&#xD;&#xA;    (SELECT MAX(precio) AS preciomax, codigo_fabricante FROM producto &#xD;&#xA;      GROUP BY codigo_fabricante) c1&#xD;&#xA;    JOIN producto p ON c1.codigo_fabricante = p.codigo_fabricante&#xD;&#xA;    WHERE p.precio=c1.preciomax) c2&#xD;&#xA;    JOIN fabricante f ON f.codigo = c2.codigo_fabricante;"><explain xmlns="http://www.postgresql.org/2009/explain">
  <Query>
    <Plan>
      <Node-Type>Nested Loop</Node-Type>
      <Parallel-Aware>false</Parallel-Aware>
      <Join-Type>Inner</Join-Type>
      <Startup-Cost>21.80</Startup-Cost>
      <Total-Cost>37.04</Total-Cost>
      <Plan-Rows>2</Plan-Rows>
      <Plan-Width>444</Plan-Width>
      <Actual-Startup-Time>0.110</Actual-Startup-Time>
      <Actual-Total-Time>0.125</Actual-Total-Time>
      <Actual-Rows>7</Actual-Rows>
      <Actual-Loops>1</Actual-Loops>
      <Output>
        <Item>(max(producto.precio))</Item>
        <Item>p.nombre</Item>
        <Item>f.nombre</Item>
      </Output>
      <Inner-Unique>true</Inner-Unique>
      <Join-Filter>(producto.codigo_fabricante = f.codigo)</Join-Filter>
      <Rows-Removed-by-Join-Filter>0</Rows-Removed-by-Join-Filter>
      <Shared-Hit-Blocks>19</Shared-Hit-Blocks>
      <Shared-Read-Blocks>0</Shared-Read-Blocks>
      <Shared-Dirtied-Blocks>0</Shared-Dirtied-Blocks>
      <Shared-Written-Blocks>0</Shared-Written-Blocks>
      <Local-Hit-Blocks>0</Local-Hit-Blocks>
      <Local-Read-Blocks>0</Local-Read-Blocks>
      <Local-Dirtied-Blocks>0</Local-Dirtied-Blocks>
      <Local-Written-Blocks>0</Local-Written-Blocks>
      <Temp-Read-Blocks>0</Temp-Read-Blocks>
      <Temp-Written-Blocks>0</Temp-Written-Blocks>
      <Plans>
        <Plan>
          <Node-Type>Hash Join</Node-Type>
          <Parent-Relationship>Outer</Parent-Relationship>
          <Parallel-Aware>false</Parallel-Aware>
          <Join-Type>Inner</Join-Type>
          <Startup-Cost>21.65</Startup-Cost>
          <Total-Cost>36.38</Total-Cost>
          <Plan-Rows>2</Plan-Rows>
          <Plan-Width>234</Plan-Width>
          <Actual-Startup-Time>0.099</Actual-Startup-Time>
          <Actual-Total-Time>0.105</Actual-Total-Time>
          <Actual-Rows>7</Actual-Rows>
          <Actual-Loops>1</Actual-Loops>
          <Output>
            <Item>(max(producto.precio))</Item>
            <Item>producto.codigo_fabricante</Item>
            <Item>p.nombre</Item>
            <Item>p.codigo_fabricante</Item>
          </Output>
          <Inner-Unique>true</Inner-Unique>
          <Hash-Cond>((p.codigo_fabricante = producto.codigo_fabricante) AND (p.precio = (max(producto.precio))))</Hash-Cond>
          <Shared-Hit-Blocks>5</Shared-Hit-Blocks>
          <Shared-Read-Blocks>0</Shared-Read-Blocks>
          <Shared-Dirtied-Blocks>0</Shared-Dirtied-Blocks>
          <Shared-Written-Blocks>0</Shared-Written-Blocks>
          <Local-Hit-Blocks>0</Local-Hit-Blocks>
          <Local-Read-Blocks>0</Local-Read-Blocks>
          <Local-Dirtied-Blocks>0</Local-Dirtied-Blocks>
          <Local-Written-Blocks>0</Local-Written-Blocks>
          <Temp-Read-Blocks>0</Temp-Read-Blocks>
          <Temp-Written-Blocks>0</Temp-Written-Blocks>
          <Plans>
            <Plan>
              <Node-Type>Seq Scan</Node-Type>
              <Parent-Relationship>Outer</Parent-Relationship>
              <Parallel-Aware>false</Parallel-Aware>
              <Relation-Name>producto</Relation-Name>
              <Schema>public</Schema>
              <Alias>p</Alias>
              <Startup-Cost>0.00</Startup-Cost>
              <Total-Cost>13.10</Total-Cost>
              <Plan-Rows>310</Plan-Rows>
              <Plan-Width>230</Plan-Width>
              <Actual-Startup-Time>0.021</Actual-Startup-Time>
              <Actual-Total-Time>0.022</Actual-Total-Time>
              <Actual-Rows>11</Actual-Rows>
              <Actual-Loops>1</Actual-Loops>
              <Output>
                <Item>p.codigo</Item>
                <Item>p.nombre</Item>
                <Item>p.precio</Item>
                <Item>p.codigo_fabricante</Item>
              </Output>
              <Shared-Hit-Blocks>1</Shared-Hit-Blocks>
              <Shared-Read-Blocks>0</Shared-Read-Blocks>
              <Shared-Dirtied-Blocks>0</Shared-Dirtied-Blocks>
              <Shared-Written-Blocks>0</Shared-Written-Blocks>
              <Local-Hit-Blocks>0</Local-Hit-Blocks>
              <Local-Read-Blocks>0</Local-Read-Blocks>
              <Local-Dirtied-Blocks>0</Local-Dirtied-Blocks>
              <Local-Written-Blocks>0</Local-Written-Blocks>
              <Temp-Read-Blocks>0</Temp-Read-Blocks>
              <Temp-Written-Blocks>0</Temp-Written-Blocks>
            </Plan>
            <Plan>
              <Node-Type>Hash</Node-Type>
              <Parent-Relationship>Inner</Parent-Relationship>
              <Parallel-Aware>false</Parallel-Aware>
              <Startup-Cost>18.65</Startup-Cost>
              <Total-Cost>18.65</Total-Cost>
              <Plan-Rows>200</Plan-Rows>
              <Plan-Width>12</Plan-Width>
              <Actual-Startup-Time>0.041</Actual-Startup-Time>
              <Actual-Total-Time>0.041</Actual-Total-Time>
              <Actual-Rows>7</Actual-Rows>
              <Actual-Loops>1</Actual-Loops>
              <Output>
                <Item>(max(producto.precio))</Item>
                <Item>producto.codigo_fabricante</Item>
              </Output>
              <Hash-Buckets>1024</Hash-Buckets>
              <Original-Hash-Buckets>1024</Original-Hash-Buckets>
              <Hash-Batches>1</Hash-Batches>
              <Original-Hash-Batches>1</Original-Hash-Batches>
              <Peak-Memory-Usage>9</Peak-Memory-Usage>
              <Shared-Hit-Blocks>1</Shared-Hit-Blocks>
              <Shared-Read-Blocks>0</Shared-Read-Blocks>
              <Shared-Dirtied-Blocks>0</Shared-Dirtied-Blocks>
              <Shared-Written-Blocks>0</Shared-Written-Blocks>
              <Local-Hit-Blocks>0</Local-Hit-Blocks>
              <Local-Read-Blocks>0</Local-Read-Blocks>
              <Local-Dirtied-Blocks>0</Local-Dirtied-Blocks>
              <Local-Written-Blocks>0</Local-Written-Blocks>
              <Temp-Read-Blocks>0</Temp-Read-Blocks>
              <Temp-Written-Blocks>0</Temp-Written-Blocks>
              <Plans>
                <Plan>
                  <Node-Type>Aggregate</Node-Type>
                  <Strategy>Hashed</Strategy>
                  <Partial-Mode>Simple</Partial-Mode>
                  <Parent-Relationship>Outer</Parent-Relationship>
                  <Parallel-Aware>false</Parallel-Aware>
                  <Startup-Cost>14.65</Startup-Cost>
                  <Total-Cost>16.65</Total-Cost>
                  <Plan-Rows>200</Plan-Rows>
                  <Plan-Width>12</Plan-Width>
                  <Actual-Startup-Time>0.028</Actual-Startup-Time>
                  <Actual-Total-Time>0.030</Actual-Total-Time>
                  <Actual-Rows>7</Actual-Rows>
                  <Actual-Loops>1</Actual-Loops>
                  <Output>
                    <Item>max(producto.precio)</Item>
                    <Item>producto.codigo_fabricante</Item>
                  </Output>
                  <Group-Key>
                    <Item>producto.codigo_fabricante</Item>
                  </Group-Key>
                  <Shared-Hit-Blocks>1</Shared-Hit-Blocks>
                  <Shared-Read-Blocks>0</Shared-Read-Blocks>
                  <Shared-Dirtied-Blocks>0</Shared-Dirtied-Blocks>
                  <Shared-Written-Blocks>0</Shared-Written-Blocks>
                  <Local-Hit-Blocks>0</Local-Hit-Blocks>
                  <Local-Read-Blocks>0</Local-Read-Blocks>
                  <Local-Dirtied-Blocks>0</Local-Dirtied-Blocks>
                  <Local-Written-Blocks>0</Local-Written-Blocks>
                  <Temp-Read-Blocks>0</Temp-Read-Blocks>
                  <Temp-Written-Blocks>0</Temp-Written-Blocks>
                  <Plans>
                    <Plan>
                      <Node-Type>Seq Scan</Node-Type>
                      <Parent-Relationship>Outer</Parent-Relationship>
                      <Parallel-Aware>false</Parallel-Aware>
                      <Relation-Name>producto</Relation-Name>
                      <Schema>public</Schema>
                      <Alias>producto</Alias>
                      <Startup-Cost>0.00</Startup-Cost>
                      <Total-Cost>13.10</Total-Cost>
                      <Plan-Rows>310</Plan-Rows>
                      <Plan-Width>12</Plan-Width>
                      <Actual-Startup-Time>0.009</Actual-Startup-Time>
                      <Actual-Total-Time>0.010</Actual-Total-Time>
                      <Actual-Rows>11</Actual-Rows>
                      <Actual-Loops>1</Actual-Loops>
                      <Output>
                        <Item>producto.codigo</Item>
                        <Item>producto.nombre</Item>
                        <Item>producto.precio</Item>
                        <Item>producto.codigo_fabricante</Item>
                      </Output>
                      <Shared-Hit-Blocks>1</Shared-Hit-Blocks>
                      <Shared-Read-Blocks>0</Shared-Read-Blocks>
                      <Shared-Dirtied-Blocks>0</Shared-Dirtied-Blocks>
                      <Shared-Written-Blocks>0</Shared-Written-Blocks>
                      <Local-Hit-Blocks>0</Local-Hit-Blocks>
                      <Local-Read-Blocks>0</Local-Read-Blocks>
                      <Local-Dirtied-Blocks>0</Local-Dirtied-Blocks>
                      <Local-Written-Blocks>0</Local-Written-Blocks>
                      <Temp-Read-Blocks>0</Temp-Read-Blocks>
                      <Temp-Written-Blocks>0</Temp-Written-Blocks>
                    </Plan>
                  </Plans>
                </Plan>
              </Plans>
            </Plan>
          </Plans>
        </Plan>
        <Plan>
          <Node-Type>Index Scan</Node-Type>
          <Parent-Relationship>Inner</Parent-Relationship>
          <Parallel-Aware>false</Parallel-Aware>
          <Scan-Direction>Forward</Scan-Direction>
          <Index-Name>fabricante_pkey</Index-Name>
          <Relation-Name>fabricante</Relation-Name>
          <Schema>public</Schema>
          <Alias>f</Alias>
          <Startup-Cost>0.15</Startup-Cost>
          <Total-Cost>0.32</Total-Cost>
          <Plan-Rows>1</Plan-Rows>
          <Plan-Width>222</Plan-Width>
          <Actual-Startup-Time>0.002</Actual-Startup-Time>
          <Actual-Total-Time>0.002</Actual-Total-Time>
          <Actual-Rows>1</Actual-Rows>
          <Actual-Loops>7</Actual-Loops>
          <Output>
            <Item>f.codigo</Item>
            <Item>f.nombre</Item>
          </Output>
          <Index-Cond>(f.codigo = p.codigo_fabricante)</Index-Cond>
          <Rows-Removed-by-Index-Recheck>0</Rows-Removed-by-Index-Recheck>
          <Shared-Hit-Blocks>14</Shared-Hit-Blocks>
          <Shared-Read-Blocks>0</Shared-Read-Blocks>
          <Shared-Dirtied-Blocks>0</Shared-Dirtied-Blocks>
          <Shared-Written-Blocks>0</Shared-Written-Blocks>
          <Local-Hit-Blocks>0</Local-Hit-Blocks>
          <Local-Read-Blocks>0</Local-Read-Blocks>
          <Local-Dirtied-Blocks>0</Local-Dirtied-Blocks>
          <Local-Written-Blocks>0</Local-Written-Blocks>
          <Temp-Read-Blocks>0</Temp-Read-Blocks>
          <Temp-Written-Blocks>0</Temp-Written-Blocks>
        </Plan>
      </Plans>
    </Plan>
    <Planning-Time>1.224</Planning-Time>
    <Triggers>
    </Triggers>
    <Execution-Time>0.203</Execution-Time>
  </Query>
</explain></Element>
            </Elements>
          </ProfilerResult>
          <ProfilerResult Date="2020-01-24 11:33:50Z" DisplayName="" Duration="0">
            <SQL>SELECT f.nombre, p.precio FROM producto p, fabricante f 
WHERE p.precio IN (SELECT MAX(p.precio) FROM producto p WHERE p.codigo_fabricante= f.codigo );</SQL>
            <Properties>
              <PropertiesRow>
                <Name>ConnectionString</Name>
                <Value>User Id=postgres;Host=localhost;Port=5432;Database=tienda;Unicode=True;Connection Timeout=15;Default Command Timeout=30;Integrated Security=False</Value>
              </PropertiesRow>
              <PropertiesRow>
                <Name>ServerVersion</Name>
                <Value>12.1</Value>
              </PropertiesRow>
              <PropertiesRow>
                <Name>ProfilingResultTime</Name>
                <Value>11:33:50 24/01/2020</Value>
              </PropertiesRow>
            </Properties>
            <Elements>
              <Element Name="SELECT f.nombre, p.precio FROM producto p, fabricante f &#xD;&#xA;WHERE p.precio IN (SELECT MAX(p.precio) FROM producto p WHERE p.codigo_fabricante= f.codigo );"><explain xmlns="http://www.postgresql.org/2009/explain">
  <Query>
    <Plan>
      <Node-Type>Nested Loop</Node-Type>
      <Parallel-Aware>false</Parallel-Aware>
      <Join-Type>Inner</Join-Type>
      <Startup-Cost>0.00</Startup-Cost>
      <Total-Cost>1379031.07</Total-Cost>
      <Plan-Rows>49600</Plan-Rows>
      <Plan-Width>226</Plan-Width>
      <Actual-Startup-Time>0.147</Actual-Startup-Time>
      <Actual-Total-Time>1.079</Actual-Total-Time>
      <Actual-Rows>7</Actual-Rows>
      <Actual-Loops>1</Actual-Loops>
      <Output>
        <Item>f.nombre</Item>
        <Item>p.precio</Item>
      </Output>
      <Inner-Unique>false</Inner-Unique>
      <Join-Filter>(SubPlan 1)</Join-Filter>
      <Rows-Removed-by-Join-Filter>92</Rows-Removed-by-Join-Filter>
      <Shared-Hit-Blocks>101</Shared-Hit-Blocks>
      <Shared-Read-Blocks>0</Shared-Read-Blocks>
      <Shared-Dirtied-Blocks>0</Shared-Dirtied-Blocks>
      <Shared-Written-Blocks>0</Shared-Written-Blocks>
      <Local-Hit-Blocks>0</Local-Hit-Blocks>
      <Local-Read-Blocks>0</Local-Read-Blocks>
      <Local-Dirtied-Blocks>0</Local-Dirtied-Blocks>
      <Local-Written-Blocks>0</Local-Written-Blocks>
      <Temp-Read-Blocks>0</Temp-Read-Blocks>
      <Temp-Written-Blocks>0</Temp-Written-Blocks>
      <Plans>
        <Plan>
          <Node-Type>Seq Scan</Node-Type>
          <Parent-Relationship>Outer</Parent-Relationship>
          <Parallel-Aware>false</Parallel-Aware>
          <Relation-Name>fabricante</Relation-Name>
          <Schema>public</Schema>
          <Alias>f</Alias>
          <Startup-Cost>0.00</Startup-Cost>
          <Total-Cost>13.20</Total-Cost>
          <Plan-Rows>320</Plan-Rows>
          <Plan-Width>222</Plan-Width>
          <Actual-Startup-Time>0.020</Actual-Startup-Time>
          <Actual-Total-Time>0.021</Actual-Total-Time>
          <Actual-Rows>9</Actual-Rows>
          <Actual-Loops>1</Actual-Loops>
          <Output>
            <Item>f.codigo</Item>
            <Item>f.nombre</Item>
          </Output>
          <Shared-Hit-Blocks>1</Shared-Hit-Blocks>
          <Shared-Read-Blocks>0</Shared-Read-Blocks>
          <Shared-Dirtied-Blocks>0</Shared-Dirtied-Blocks>
          <Shared-Written-Blocks>0</Shared-Written-Blocks>
          <Local-Hit-Blocks>0</Local-Hit-Blocks>
          <Local-Read-Blocks>0</Local-Read-Blocks>
          <Local-Dirtied-Blocks>0</Local-Dirtied-Blocks>
          <Local-Written-Blocks>0</Local-Written-Blocks>
          <Temp-Read-Blocks>0</Temp-Read-Blocks>
          <Temp-Written-Blocks>0</Temp-Written-Blocks>
        </Plan>
        <Plan>
          <Node-Type>Materialize</Node-Type>
          <Parent-Relationship>Inner</Parent-Relationship>
          <Parallel-Aware>false</Parallel-Aware>
          <Startup-Cost>0.00</Startup-Cost>
          <Total-Cost>14.65</Total-Cost>
          <Plan-Rows>310</Plan-Rows>
          <Plan-Width>8</Plan-Width>
          <Actual-Startup-Time>0.002</Actual-Startup-Time>
          <Actual-Total-Time>0.004</Actual-Total-Time>
          <Actual-Rows>11</Actual-Rows>
          <Actual-Loops>9</Actual-Loops>
          <Output>
            <Item>p.precio</Item>
          </Output>
          <Shared-Hit-Blocks>1</Shared-Hit-Blocks>
          <Shared-Read-Blocks>0</Shared-Read-Blocks>
          <Shared-Dirtied-Blocks>0</Shared-Dirtied-Blocks>
          <Shared-Written-Blocks>0</Shared-Written-Blocks>
          <Local-Hit-Blocks>0</Local-Hit-Blocks>
          <Local-Read-Blocks>0</Local-Read-Blocks>
          <Local-Dirtied-Blocks>0</Local-Dirtied-Blocks>
          <Local-Written-Blocks>0</Local-Written-Blocks>
          <Temp-Read-Blocks>0</Temp-Read-Blocks>
          <Temp-Written-Blocks>0</Temp-Written-Blocks>
          <Plans>
            <Plan>
              <Node-Type>Seq Scan</Node-Type>
              <Parent-Relationship>Outer</Parent-Relationship>
              <Parallel-Aware>false</Parallel-Aware>
              <Relation-Name>producto</Relation-Name>
              <Schema>public</Schema>
              <Alias>p</Alias>
              <Startup-Cost>0.00</Startup-Cost>
              <Total-Cost>13.10</Total-Cost>
              <Plan-Rows>310</Plan-Rows>
              <Plan-Width>8</Plan-Width>
              <Actual-Startup-Time>0.015</Actual-Startup-Time>
              <Actual-Total-Time>0.017</Actual-Total-Time>
              <Actual-Rows>11</Actual-Rows>
              <Actual-Loops>1</Actual-Loops>
              <Output>
                <Item>p.precio</Item>
              </Output>
              <Shared-Hit-Blocks>1</Shared-Hit-Blocks>
              <Shared-Read-Blocks>0</Shared-Read-Blocks>
              <Shared-Dirtied-Blocks>0</Shared-Dirtied-Blocks>
              <Shared-Written-Blocks>0</Shared-Written-Blocks>
              <Local-Hit-Blocks>0</Local-Hit-Blocks>
              <Local-Read-Blocks>0</Local-Read-Blocks>
              <Local-Dirtied-Blocks>0</Local-Dirtied-Blocks>
              <Local-Written-Blocks>0</Local-Written-Blocks>
              <Temp-Read-Blocks>0</Temp-Read-Blocks>
              <Temp-Written-Blocks>0</Temp-Written-Blocks>
            </Plan>
          </Plans>
        </Plan>
        <Plan>
          <Node-Type>Aggregate</Node-Type>
          <Strategy>Plain</Strategy>
          <Partial-Mode>Simple</Partial-Mode>
          <Parent-Relationship>SubPlan</Parent-Relationship>
          <Subplan-Name>SubPlan 1</Subplan-Name>
          <Parallel-Aware>false</Parallel-Aware>
          <Startup-Cost>13.88</Startup-Cost>
          <Total-Cost>13.89</Total-Cost>
          <Plan-Rows>1</Plan-Rows>
          <Plan-Width>8</Plan-Width>
          <Actual-Startup-Time>0.010</Actual-Startup-Time>
          <Actual-Total-Time>0.010</Actual-Total-Time>
          <Actual-Rows>1</Actual-Rows>
          <Actual-Loops>99</Actual-Loops>
          <Output>
            <Item>max(p_1.precio)</Item>
          </Output>
          <Shared-Hit-Blocks>99</Shared-Hit-Blocks>
          <Shared-Read-Blocks>0</Shared-Read-Blocks>
          <Shared-Dirtied-Blocks>0</Shared-Dirtied-Blocks>
          <Shared-Written-Blocks>0</Shared-Written-Blocks>
          <Local-Hit-Blocks>0</Local-Hit-Blocks>
          <Local-Read-Blocks>0</Local-Read-Blocks>
          <Local-Dirtied-Blocks>0</Local-Dirtied-Blocks>
          <Local-Written-Blocks>0</Local-Written-Blocks>
          <Temp-Read-Blocks>0</Temp-Read-Blocks>
          <Temp-Written-Blocks>0</Temp-Written-Blocks>
          <Plans>
            <Plan>
              <Node-Type>Seq Scan</Node-Type>
              <Parent-Relationship>Outer</Parent-Relationship>
              <Parallel-Aware>false</Parallel-Aware>
              <Relation-Name>producto</Relation-Name>
              <Schema>public</Schema>
              <Alias>p_1</Alias>
              <Startup-Cost>0.00</Startup-Cost>
              <Total-Cost>13.88</Total-Cost>
              <Plan-Rows>2</Plan-Rows>
              <Plan-Width>8</Plan-Width>
              <Actual-Startup-Time>0.001</Actual-Startup-Time>
              <Actual-Total-Time>0.002</Actual-Total-Time>
              <Actual-Rows>1</Actual-Rows>
              <Actual-Loops>99</Actual-Loops>
              <Output>
                <Item>p_1.codigo</Item>
                <Item>p_1.nombre</Item>
                <Item>p_1.precio</Item>
                <Item>p_1.codigo_fabricante</Item>
              </Output>
              <Filter>(p_1.codigo_fabricante = f.codigo)</Filter>
              <Rows-Removed-by-Filter>10</Rows-Removed-by-Filter>
              <Shared-Hit-Blocks>99</Shared-Hit-Blocks>
              <Shared-Read-Blocks>0</Shared-Read-Blocks>
              <Shared-Dirtied-Blocks>0</Shared-Dirtied-Blocks>
              <Shared-Written-Blocks>0</Shared-Written-Blocks>
              <Local-Hit-Blocks>0</Local-Hit-Blocks>
              <Local-Read-Blocks>0</Local-Read-Blocks>
              <Local-Dirtied-Blocks>0</Local-Dirtied-Blocks>
              <Local-Written-Blocks>0</Local-Written-Blocks>
              <Temp-Read-Blocks>0</Temp-Read-Blocks>
              <Temp-Written-Blocks>0</Temp-Written-Blocks>
            </Plan>
          </Plans>
        </Plan>
      </Plans>
    </Plan>
    <Planning-Time>1.316</Planning-Time>
    <Triggers>
    </Triggers>
    <Execution-Time>1.228</Execution-Time>
  </Query>
</explain></Element>
            </Elements>
          </ProfilerResult>
          <ProfilerResult Date="2020-01-24 11:33:56Z" DisplayName="" Duration="0">
            <SQL>SELECT c2.preciomax, c2.nombre, f.nombre FROM
  (SELECT preciomax, p.nombre, c1.codigo_fabricante FROM
    (SELECT MAX(precio) AS preciomax, codigo_fabricante FROM producto 
      GROUP BY codigo_fabricante) c1
    JOIN producto p ON c1.codigo_fabricante = p.codigo_fabricante
    WHERE p.precio=c1.preciomax) c2
    JOIN fabricante f ON f.codigo = c2.codigo_fabricante;</SQL>
            <Properties>
              <PropertiesRow>
                <Name>ConnectionString</Name>
                <Value>User Id=postgres;Host=localhost;Port=5432;Database=tienda;Unicode=True;Connection Timeout=15;Default Command Timeout=30;Integrated Security=False</Value>
              </PropertiesRow>
              <PropertiesRow>
                <Name>ServerVersion</Name>
                <Value>12.1</Value>
              </PropertiesRow>
              <PropertiesRow>
                <Name>ProfilingResultTime</Name>
                <Value>11:33:56 24/01/2020</Value>
              </PropertiesRow>
            </Properties>
            <Elements>
              <Element Name="SELECT c2.preciomax, c2.nombre, f.nombre FROM&#xD;&#xA;  (SELECT preciomax, p.nombre, c1.codigo_fabricante FROM&#xD;&#xA;    (SELECT MAX(precio) AS preciomax, codigo_fabricante FROM producto &#xD;&#xA;      GROUP BY codigo_fabricante) c1&#xD;&#xA;    JOIN producto p ON c1.codigo_fabricante = p.codigo_fabricante&#xD;&#xA;    WHERE p.precio=c1.preciomax) c2&#xD;&#xA;    JOIN fabricante f ON f.codigo = c2.codigo_fabricante;"><explain xmlns="http://www.postgresql.org/2009/explain">
  <Query>
    <Plan>
      <Node-Type>Nested Loop</Node-Type>
      <Parallel-Aware>false</Parallel-Aware>
      <Join-Type>Inner</Join-Type>
      <Startup-Cost>21.80</Startup-Cost>
      <Total-Cost>37.04</Total-Cost>
      <Plan-Rows>2</Plan-Rows>
      <Plan-Width>444</Plan-Width>
      <Actual-Startup-Time>0.123</Actual-Startup-Time>
      <Actual-Total-Time>0.140</Actual-Total-Time>
      <Actual-Rows>7</Actual-Rows>
      <Actual-Loops>1</Actual-Loops>
      <Output>
        <Item>(max(producto.precio))</Item>
        <Item>p.nombre</Item>
        <Item>f.nombre</Item>
      </Output>
      <Inner-Unique>true</Inner-Unique>
      <Join-Filter>(producto.codigo_fabricante = f.codigo)</Join-Filter>
      <Rows-Removed-by-Join-Filter>0</Rows-Removed-by-Join-Filter>
      <Shared-Hit-Blocks>19</Shared-Hit-Blocks>
      <Shared-Read-Blocks>0</Shared-Read-Blocks>
      <Shared-Dirtied-Blocks>0</Shared-Dirtied-Blocks>
      <Shared-Written-Blocks>0</Shared-Written-Blocks>
      <Local-Hit-Blocks>0</Local-Hit-Blocks>
      <Local-Read-Blocks>0</Local-Read-Blocks>
      <Local-Dirtied-Blocks>0</Local-Dirtied-Blocks>
      <Local-Written-Blocks>0</Local-Written-Blocks>
      <Temp-Read-Blocks>0</Temp-Read-Blocks>
      <Temp-Written-Blocks>0</Temp-Written-Blocks>
      <Plans>
        <Plan>
          <Node-Type>Hash Join</Node-Type>
          <Parent-Relationship>Outer</Parent-Relationship>
          <Parallel-Aware>false</Parallel-Aware>
          <Join-Type>Inner</Join-Type>
          <Startup-Cost>21.65</Startup-Cost>
          <Total-Cost>36.38</Total-Cost>
          <Plan-Rows>2</Plan-Rows>
          <Plan-Width>234</Plan-Width>
          <Actual-Startup-Time>0.111</Actual-Startup-Time>
          <Actual-Total-Time>0.117</Actual-Total-Time>
          <Actual-Rows>7</Actual-Rows>
          <Actual-Loops>1</Actual-Loops>
          <Output>
            <Item>(max(producto.precio))</Item>
            <Item>producto.codigo_fabricante</Item>
            <Item>p.nombre</Item>
            <Item>p.codigo_fabricante</Item>
          </Output>
          <Inner-Unique>true</Inner-Unique>
          <Hash-Cond>((p.codigo_fabricante = producto.codigo_fabricante) AND (p.precio = (max(producto.precio))))</Hash-Cond>
          <Shared-Hit-Blocks>5</Shared-Hit-Blocks>
          <Shared-Read-Blocks>0</Shared-Read-Blocks>
          <Shared-Dirtied-Blocks>0</Shared-Dirtied-Blocks>
          <Shared-Written-Blocks>0</Shared-Written-Blocks>
          <Local-Hit-Blocks>0</Local-Hit-Blocks>
          <Local-Read-Blocks>0</Local-Read-Blocks>
          <Local-Dirtied-Blocks>0</Local-Dirtied-Blocks>
          <Local-Written-Blocks>0</Local-Written-Blocks>
          <Temp-Read-Blocks>0</Temp-Read-Blocks>
          <Temp-Written-Blocks>0</Temp-Written-Blocks>
          <Plans>
            <Plan>
              <Node-Type>Seq Scan</Node-Type>
              <Parent-Relationship>Outer</Parent-Relationship>
              <Parallel-Aware>false</Parallel-Aware>
              <Relation-Name>producto</Relation-Name>
              <Schema>public</Schema>
              <Alias>p</Alias>
              <Startup-Cost>0.00</Startup-Cost>
              <Total-Cost>13.10</Total-Cost>
              <Plan-Rows>310</Plan-Rows>
              <Plan-Width>230</Plan-Width>
              <Actual-Startup-Time>0.023</Actual-Startup-Time>
              <Actual-Total-Time>0.025</Actual-Total-Time>
              <Actual-Rows>11</Actual-Rows>
              <Actual-Loops>1</Actual-Loops>
              <Output>
                <Item>p.codigo</Item>
                <Item>p.nombre</Item>
                <Item>p.precio</Item>
                <Item>p.codigo_fabricante</Item>
              </Output>
              <Shared-Hit-Blocks>1</Shared-Hit-Blocks>
              <Shared-Read-Blocks>0</Shared-Read-Blocks>
              <Shared-Dirtied-Blocks>0</Shared-Dirtied-Blocks>
              <Shared-Written-Blocks>0</Shared-Written-Blocks>
              <Local-Hit-Blocks>0</Local-Hit-Blocks>
              <Local-Read-Blocks>0</Local-Read-Blocks>
              <Local-Dirtied-Blocks>0</Local-Dirtied-Blocks>
              <Local-Written-Blocks>0</Local-Written-Blocks>
              <Temp-Read-Blocks>0</Temp-Read-Blocks>
              <Temp-Written-Blocks>0</Temp-Written-Blocks>
            </Plan>
            <Plan>
              <Node-Type>Hash</Node-Type>
              <Parent-Relationship>Inner</Parent-Relationship>
              <Parallel-Aware>false</Parallel-Aware>
              <Startup-Cost>18.65</Startup-Cost>
              <Total-Cost>18.65</Total-Cost>
              <Plan-Rows>200</Plan-Rows>
              <Plan-Width>12</Plan-Width>
              <Actual-Startup-Time>0.045</Actual-Startup-Time>
              <Actual-Total-Time>0.046</Actual-Total-Time>
              <Actual-Rows>7</Actual-Rows>
              <Actual-Loops>1</Actual-Loops>
              <Output>
                <Item>(max(producto.precio))</Item>
                <Item>producto.codigo_fabricante</Item>
              </Output>
              <Hash-Buckets>1024</Hash-Buckets>
              <Original-Hash-Buckets>1024</Original-Hash-Buckets>
              <Hash-Batches>1</Hash-Batches>
              <Original-Hash-Batches>1</Original-Hash-Batches>
              <Peak-Memory-Usage>9</Peak-Memory-Usage>
              <Shared-Hit-Blocks>1</Shared-Hit-Blocks>
              <Shared-Read-Blocks>0</Shared-Read-Blocks>
              <Shared-Dirtied-Blocks>0</Shared-Dirtied-Blocks>
              <Shared-Written-Blocks>0</Shared-Written-Blocks>
              <Local-Hit-Blocks>0</Local-Hit-Blocks>
              <Local-Read-Blocks>0</Local-Read-Blocks>
              <Local-Dirtied-Blocks>0</Local-Dirtied-Blocks>
              <Local-Written-Blocks>0</Local-Written-Blocks>
              <Temp-Read-Blocks>0</Temp-Read-Blocks>
              <Temp-Written-Blocks>0</Temp-Written-Blocks>
              <Plans>
                <Plan>
                  <Node-Type>Aggregate</Node-Type>
                  <Strategy>Hashed</Strategy>
                  <Partial-Mode>Simple</Partial-Mode>
                  <Parent-Relationship>Outer</Parent-Relationship>
                  <Parallel-Aware>false</Parallel-Aware>
                  <Startup-Cost>14.65</Startup-Cost>
                  <Total-Cost>16.65</Total-Cost>
                  <Plan-Rows>200</Plan-Rows>
                  <Plan-Width>12</Plan-Width>
                  <Actual-Startup-Time>0.030</Actual-Startup-Time>
                  <Actual-Total-Time>0.033</Actual-Total-Time>
                  <Actual-Rows>7</Actual-Rows>
                  <Actual-Loops>1</Actual-Loops>
                  <Output>
                    <Item>max(producto.precio)</Item>
                    <Item>producto.codigo_fabricante</Item>
                  </Output>
                  <Group-Key>
                    <Item>producto.codigo_fabricante</Item>
                  </Group-Key>
                  <Shared-Hit-Blocks>1</Shared-Hit-Blocks>
                  <Shared-Read-Blocks>0</Shared-Read-Blocks>
                  <Shared-Dirtied-Blocks>0</Shared-Dirtied-Blocks>
                  <Shared-Written-Blocks>0</Shared-Written-Blocks>
                  <Local-Hit-Blocks>0</Local-Hit-Blocks>
                  <Local-Read-Blocks>0</Local-Read-Blocks>
                  <Local-Dirtied-Blocks>0</Local-Dirtied-Blocks>
                  <Local-Written-Blocks>0</Local-Written-Blocks>
                  <Temp-Read-Blocks>0</Temp-Read-Blocks>
                  <Temp-Written-Blocks>0</Temp-Written-Blocks>
                  <Plans>
                    <Plan>
                      <Node-Type>Seq Scan</Node-Type>
                      <Parent-Relationship>Outer</Parent-Relationship>
                      <Parallel-Aware>false</Parallel-Aware>
                      <Relation-Name>producto</Relation-Name>
                      <Schema>public</Schema>
                      <Alias>producto</Alias>
                      <Startup-Cost>0.00</Startup-Cost>
                      <Total-Cost>13.10</Total-Cost>
                      <Plan-Rows>310</Plan-Rows>
                      <Plan-Width>12</Plan-Width>
                      <Actual-Startup-Time>0.010</Actual-Startup-Time>
                      <Actual-Total-Time>0.011</Actual-Total-Time>
                      <Actual-Rows>11</Actual-Rows>
                      <Actual-Loops>1</Actual-Loops>
                      <Output>
                        <Item>producto.codigo</Item>
                        <Item>producto.nombre</Item>
                        <Item>producto.precio</Item>
                        <Item>producto.codigo_fabricante</Item>
                      </Output>
                      <Shared-Hit-Blocks>1</Shared-Hit-Blocks>
                      <Shared-Read-Blocks>0</Shared-Read-Blocks>
                      <Shared-Dirtied-Blocks>0</Shared-Dirtied-Blocks>
                      <Shared-Written-Blocks>0</Shared-Written-Blocks>
                      <Local-Hit-Blocks>0</Local-Hit-Blocks>
                      <Local-Read-Blocks>0</Local-Read-Blocks>
                      <Local-Dirtied-Blocks>0</Local-Dirtied-Blocks>
                      <Local-Written-Blocks>0</Local-Written-Blocks>
                      <Temp-Read-Blocks>0</Temp-Read-Blocks>
                      <Temp-Written-Blocks>0</Temp-Written-Blocks>
                    </Plan>
                  </Plans>
                </Plan>
              </Plans>
            </Plan>
          </Plans>
        </Plan>
        <Plan>
          <Node-Type>Index Scan</Node-Type>
          <Parent-Relationship>Inner</Parent-Relationship>
          <Parallel-Aware>false</Parallel-Aware>
          <Scan-Direction>Forward</Scan-Direction>
          <Index-Name>fabricante_pkey</Index-Name>
          <Relation-Name>fabricante</Relation-Name>
          <Schema>public</Schema>
          <Alias>f</Alias>
          <Startup-Cost>0.15</Startup-Cost>
          <Total-Cost>0.32</Total-Cost>
          <Plan-Rows>1</Plan-Rows>
          <Plan-Width>222</Plan-Width>
          <Actual-Startup-Time>0.002</Actual-Startup-Time>
          <Actual-Total-Time>0.002</Actual-Total-Time>
          <Actual-Rows>1</Actual-Rows>
          <Actual-Loops>7</Actual-Loops>
          <Output>
            <Item>f.codigo</Item>
            <Item>f.nombre</Item>
          </Output>
          <Index-Cond>(f.codigo = p.codigo_fabricante)</Index-Cond>
          <Rows-Removed-by-Index-Recheck>0</Rows-Removed-by-Index-Recheck>
          <Shared-Hit-Blocks>14</Shared-Hit-Blocks>
          <Shared-Read-Blocks>0</Shared-Read-Blocks>
          <Shared-Dirtied-Blocks>0</Shared-Dirtied-Blocks>
          <Shared-Written-Blocks>0</Shared-Written-Blocks>
          <Local-Hit-Blocks>0</Local-Hit-Blocks>
          <Local-Read-Blocks>0</Local-Read-Blocks>
          <Local-Dirtied-Blocks>0</Local-Dirtied-Blocks>
          <Local-Written-Blocks>0</Local-Written-Blocks>
          <Temp-Read-Blocks>0</Temp-Read-Blocks>
          <Temp-Written-Blocks>0</Temp-Written-Blocks>
        </Plan>
      </Plans>
    </Plan>
    <Planning-Time>1.388</Planning-Time>
    <Triggers>
    </Triggers>
    <Execution-Time>0.227</Execution-Time>
  </Query>
</explain></Element>
            </Elements>
          </ProfilerResult>
          <ProfilerResult Date="2020-01-24 11:34:01Z" DisplayName="" Duration="0">
            <SQL>SELECT f.nombre, p.precio FROM producto p, fabricante f 
WHERE p.precio IN (SELECT MAX(p.precio) FROM producto p WHERE p.codigo_fabricante= f.codigo );</SQL>
            <Properties>
              <PropertiesRow>
                <Name>ConnectionString</Name>
                <Value>User Id=postgres;Host=localhost;Port=5432;Database=tienda;Unicode=True;Connection Timeout=15;Default Command Timeout=30;Integrated Security=False</Value>
              </PropertiesRow>
              <PropertiesRow>
                <Name>ServerVersion</Name>
                <Value>12.1</Value>
              </PropertiesRow>
              <PropertiesRow>
                <Name>ProfilingResultTime</Name>
                <Value>11:34:01 24/01/2020</Value>
              </PropertiesRow>
            </Properties>
            <Elements>
              <Element Name="SELECT f.nombre, p.precio FROM producto p, fabricante f &#xD;&#xA;WHERE p.precio IN (SELECT MAX(p.precio) FROM producto p WHERE p.codigo_fabricante= f.codigo );"><explain xmlns="http://www.postgresql.org/2009/explain">
  <Query>
    <Plan>
      <Node-Type>Nested Loop</Node-Type>
      <Parallel-Aware>false</Parallel-Aware>
      <Join-Type>Inner</Join-Type>
      <Startup-Cost>0.00</Startup-Cost>
      <Total-Cost>1379031.07</Total-Cost>
      <Plan-Rows>49600</Plan-Rows>
      <Plan-Width>226</Plan-Width>
      <Actual-Startup-Time>0.127</Actual-Startup-Time>
      <Actual-Total-Time>0.956</Actual-Total-Time>
      <Actual-Rows>7</Actual-Rows>
      <Actual-Loops>1</Actual-Loops>
      <Output>
        <Item>f.nombre</Item>
        <Item>p.precio</Item>
      </Output>
      <Inner-Unique>false</Inner-Unique>
      <Join-Filter>(SubPlan 1)</Join-Filter>
      <Rows-Removed-by-Join-Filter>92</Rows-Removed-by-Join-Filter>
      <Shared-Hit-Blocks>101</Shared-Hit-Blocks>
      <Shared-Read-Blocks>0</Shared-Read-Blocks>
      <Shared-Dirtied-Blocks>0</Shared-Dirtied-Blocks>
      <Shared-Written-Blocks>0</Shared-Written-Blocks>
      <Local-Hit-Blocks>0</Local-Hit-Blocks>
      <Local-Read-Blocks>0</Local-Read-Blocks>
      <Local-Dirtied-Blocks>0</Local-Dirtied-Blocks>
      <Local-Written-Blocks>0</Local-Written-Blocks>
      <Temp-Read-Blocks>0</Temp-Read-Blocks>
      <Temp-Written-Blocks>0</Temp-Written-Blocks>
      <Plans>
        <Plan>
          <Node-Type>Seq Scan</Node-Type>
          <Parent-Relationship>Outer</Parent-Relationship>
          <Parallel-Aware>false</Parallel-Aware>
          <Relation-Name>fabricante</Relation-Name>
          <Schema>public</Schema>
          <Alias>f</Alias>
          <Startup-Cost>0.00</Startup-Cost>
          <Total-Cost>13.20</Total-Cost>
          <Plan-Rows>320</Plan-Rows>
          <Plan-Width>222</Plan-Width>
          <Actual-Startup-Time>0.017</Actual-Startup-Time>
          <Actual-Total-Time>0.019</Actual-Total-Time>
          <Actual-Rows>9</Actual-Rows>
          <Actual-Loops>1</Actual-Loops>
          <Output>
            <Item>f.codigo</Item>
            <Item>f.nombre</Item>
          </Output>
          <Shared-Hit-Blocks>1</Shared-Hit-Blocks>
          <Shared-Read-Blocks>0</Shared-Read-Blocks>
          <Shared-Dirtied-Blocks>0</Shared-Dirtied-Blocks>
          <Shared-Written-Blocks>0</Shared-Written-Blocks>
          <Local-Hit-Blocks>0</Local-Hit-Blocks>
          <Local-Read-Blocks>0</Local-Read-Blocks>
          <Local-Dirtied-Blocks>0</Local-Dirtied-Blocks>
          <Local-Written-Blocks>0</Local-Written-Blocks>
          <Temp-Read-Blocks>0</Temp-Read-Blocks>
          <Temp-Written-Blocks>0</Temp-Written-Blocks>
        </Plan>
        <Plan>
          <Node-Type>Materialize</Node-Type>
          <Parent-Relationship>Inner</Parent-Relationship>
          <Parallel-Aware>false</Parallel-Aware>
          <Startup-Cost>0.00</Startup-Cost>
          <Total-Cost>14.65</Total-Cost>
          <Plan-Rows>310</Plan-Rows>
          <Plan-Width>8</Plan-Width>
          <Actual-Startup-Time>0.002</Actual-Startup-Time>
          <Actual-Total-Time>0.003</Actual-Total-Time>
          <Actual-Rows>11</Actual-Rows>
          <Actual-Loops>9</Actual-Loops>
          <Output>
            <Item>p.precio</Item>
          </Output>
          <Shared-Hit-Blocks>1</Shared-Hit-Blocks>
          <Shared-Read-Blocks>0</Shared-Read-Blocks>
          <Shared-Dirtied-Blocks>0</Shared-Dirtied-Blocks>
          <Shared-Written-Blocks>0</Shared-Written-Blocks>
          <Local-Hit-Blocks>0</Local-Hit-Blocks>
          <Local-Read-Blocks>0</Local-Read-Blocks>
          <Local-Dirtied-Blocks>0</Local-Dirtied-Blocks>
          <Local-Written-Blocks>0</Local-Written-Blocks>
          <Temp-Read-Blocks>0</Temp-Read-Blocks>
          <Temp-Written-Blocks>0</Temp-Written-Blocks>
          <Plans>
            <Plan>
              <Node-Type>Seq Scan</Node-Type>
              <Parent-Relationship>Outer</Parent-Relationship>
              <Parallel-Aware>false</Parallel-Aware>
              <Relation-Name>producto</Relation-Name>
              <Schema>public</Schema>
              <Alias>p</Alias>
              <Startup-Cost>0.00</Startup-Cost>
              <Total-Cost>13.10</Total-Cost>
              <Plan-Rows>310</Plan-Rows>
              <Plan-Width>8</Plan-Width>
              <Actual-Startup-Time>0.013</Actual-Startup-Time>
              <Actual-Total-Time>0.015</Actual-Total-Time>
              <Actual-Rows>11</Actual-Rows>
              <Actual-Loops>1</Actual-Loops>
              <Output>
                <Item>p.precio</Item>
              </Output>
              <Shared-Hit-Blocks>1</Shared-Hit-Blocks>
              <Shared-Read-Blocks>0</Shared-Read-Blocks>
              <Shared-Dirtied-Blocks>0</Shared-Dirtied-Blocks>
              <Shared-Written-Blocks>0</Shared-Written-Blocks>
              <Local-Hit-Blocks>0</Local-Hit-Blocks>
              <Local-Read-Blocks>0</Local-Read-Blocks>
              <Local-Dirtied-Blocks>0</Local-Dirtied-Blocks>
              <Local-Written-Blocks>0</Local-Written-Blocks>
              <Temp-Read-Blocks>0</Temp-Read-Blocks>
              <Temp-Written-Blocks>0</Temp-Written-Blocks>
            </Plan>
          </Plans>
        </Plan>
        <Plan>
          <Node-Type>Aggregate</Node-Type>
          <Strategy>Plain</Strategy>
          <Partial-Mode>Simple</Partial-Mode>
          <Parent-Relationship>SubPlan</Parent-Relationship>
          <Subplan-Name>SubPlan 1</Subplan-Name>
          <Parallel-Aware>false</Parallel-Aware>
          <Startup-Cost>13.88</Startup-Cost>
          <Total-Cost>13.89</Total-Cost>
          <Plan-Rows>1</Plan-Rows>
          <Plan-Width>8</Plan-Width>
          <Actual-Startup-Time>0.008</Actual-Startup-Time>
          <Actual-Total-Time>0.009</Actual-Total-Time>
          <Actual-Rows>1</Actual-Rows>
          <Actual-Loops>99</Actual-Loops>
          <Output>
            <Item>max(p_1.precio)</Item>
          </Output>
          <Shared-Hit-Blocks>99</Shared-Hit-Blocks>
          <Shared-Read-Blocks>0</Shared-Read-Blocks>
          <Shared-Dirtied-Blocks>0</Shared-Dirtied-Blocks>
          <Shared-Written-Blocks>0</Shared-Written-Blocks>
          <Local-Hit-Blocks>0</Local-Hit-Blocks>
          <Local-Read-Blocks>0</Local-Read-Blocks>
          <Local-Dirtied-Blocks>0</Local-Dirtied-Blocks>
          <Local-Written-Blocks>0</Local-Written-Blocks>
          <Temp-Read-Blocks>0</Temp-Read-Blocks>
          <Temp-Written-Blocks>0</Temp-Written-Blocks>
          <Plans>
            <Plan>
              <Node-Type>Seq Scan</Node-Type>
              <Parent-Relationship>Outer</Parent-Relationship>
              <Parallel-Aware>false</Parallel-Aware>
              <Relation-Name>producto</Relation-Name>
              <Schema>public</Schema>
              <Alias>p_1</Alias>
              <Startup-Cost>0.00</Startup-Cost>
              <Total-Cost>13.88</Total-Cost>
              <Plan-Rows>2</Plan-Rows>
              <Plan-Width>8</Plan-Width>
              <Actual-Startup-Time>0.001</Actual-Startup-Time>
              <Actual-Total-Time>0.002</Actual-Total-Time>
              <Actual-Rows>1</Actual-Rows>
              <Actual-Loops>99</Actual-Loops>
              <Output>
                <Item>p_1.codigo</Item>
                <Item>p_1.nombre</Item>
                <Item>p_1.precio</Item>
                <Item>p_1.codigo_fabricante</Item>
              </Output>
              <Filter>(p_1.codigo_fabricante = f.codigo)</Filter>
              <Rows-Removed-by-Filter>10</Rows-Removed-by-Filter>
              <Shared-Hit-Blocks>99</Shared-Hit-Blocks>
              <Shared-Read-Blocks>0</Shared-Read-Blocks>
              <Shared-Dirtied-Blocks>0</Shared-Dirtied-Blocks>
              <Shared-Written-Blocks>0</Shared-Written-Blocks>
              <Local-Hit-Blocks>0</Local-Hit-Blocks>
              <Local-Read-Blocks>0</Local-Read-Blocks>
              <Local-Dirtied-Blocks>0</Local-Dirtied-Blocks>
              <Local-Written-Blocks>0</Local-Written-Blocks>
              <Temp-Read-Blocks>0</Temp-Read-Blocks>
              <Temp-Written-Blocks>0</Temp-Written-Blocks>
            </Plan>
          </Plans>
        </Plan>
      </Plans>
    </Plan>
    <Planning-Time>1.205</Planning-Time>
    <Triggers>
    </Triggers>
    <Execution-Time>1.069</Execution-Time>
  </Query>
</explain></Element>
            </Elements>
          </ProfilerResult>
          <ProfilerResult Date="2020-01-24 11:47:10Z" DisplayName="" Duration="0">
            <SQL>SELECT c2.preciomax, c2.nombre, f.nombre FROM
  (SELECT preciomax, p.nombre, c1.codigo_fabricante FROM
    (SELECT MAX(precio) AS preciomax, codigo_fabricante FROM producto 
      GROUP BY codigo_fabricante) c1
    JOIN producto p ON c1.codigo_fabricante = p.codigo_fabricante
    WHERE p.precio=c1.preciomax) c2
    JOIN fabricante f ON f.codigo = c2.codigo_fabricante;</SQL>
            <Properties>
              <PropertiesRow>
                <Name>ConnectionString</Name>
                <Value>User Id=postgres;Host=localhost;Port=5432;Database=tienda;Unicode=True;Connection Timeout=15;Default Command Timeout=30;Integrated Security=False</Value>
              </PropertiesRow>
              <PropertiesRow>
                <Name>ServerVersion</Name>
                <Value>12.1</Value>
              </PropertiesRow>
              <PropertiesRow>
                <Name>ProfilingResultTime</Name>
                <Value>11:47:10 24/01/2020</Value>
              </PropertiesRow>
            </Properties>
            <Elements>
              <Element Name="SELECT c2.preciomax, c2.nombre, f.nombre FROM&#xD;&#xA;  (SELECT preciomax, p.nombre, c1.codigo_fabricante FROM&#xD;&#xA;    (SELECT MAX(precio) AS preciomax, codigo_fabricante FROM producto &#xD;&#xA;      GROUP BY codigo_fabricante) c1&#xD;&#xA;    JOIN producto p ON c1.codigo_fabricante = p.codigo_fabricante&#xD;&#xA;    WHERE p.precio=c1.preciomax) c2&#xD;&#xA;    JOIN fabricante f ON f.codigo = c2.codigo_fabricante;"><explain xmlns="http://www.postgresql.org/2009/explain">
  <Query>
    <Plan>
      <Node-Type>Nested Loop</Node-Type>
      <Parallel-Aware>false</Parallel-Aware>
      <Join-Type>Inner</Join-Type>
      <Startup-Cost>21.80</Startup-Cost>
      <Total-Cost>37.04</Total-Cost>
      <Plan-Rows>2</Plan-Rows>
      <Plan-Width>444</Plan-Width>
      <Actual-Startup-Time>0.268</Actual-Startup-Time>
      <Actual-Total-Time>0.305</Actual-Total-Time>
      <Actual-Rows>7</Actual-Rows>
      <Actual-Loops>1</Actual-Loops>
      <Output>
        <Item>(max(producto.precio))</Item>
        <Item>p.nombre</Item>
        <Item>f.nombre</Item>
      </Output>
      <Inner-Unique>true</Inner-Unique>
      <Join-Filter>(producto.codigo_fabricante = f.codigo)</Join-Filter>
      <Rows-Removed-by-Join-Filter>0</Rows-Removed-by-Join-Filter>
      <Shared-Hit-Blocks>19</Shared-Hit-Blocks>
      <Shared-Read-Blocks>0</Shared-Read-Blocks>
      <Shared-Dirtied-Blocks>0</Shared-Dirtied-Blocks>
      <Shared-Written-Blocks>0</Shared-Written-Blocks>
      <Local-Hit-Blocks>0</Local-Hit-Blocks>
      <Local-Read-Blocks>0</Local-Read-Blocks>
      <Local-Dirtied-Blocks>0</Local-Dirtied-Blocks>
      <Local-Written-Blocks>0</Local-Written-Blocks>
      <Temp-Read-Blocks>0</Temp-Read-Blocks>
      <Temp-Written-Blocks>0</Temp-Written-Blocks>
      <Plans>
        <Plan>
          <Node-Type>Hash Join</Node-Type>
          <Parent-Relationship>Outer</Parent-Relationship>
          <Parallel-Aware>false</Parallel-Aware>
          <Join-Type>Inner</Join-Type>
          <Startup-Cost>21.65</Startup-Cost>
          <Total-Cost>36.38</Total-Cost>
          <Plan-Rows>2</Plan-Rows>
          <Plan-Width>234</Plan-Width>
          <Actual-Startup-Time>0.241</Actual-Startup-Time>
          <Actual-Total-Time>0.255</Actual-Total-Time>
          <Actual-Rows>7</Actual-Rows>
          <Actual-Loops>1</Actual-Loops>
          <Output>
            <Item>(max(producto.precio))</Item>
            <Item>producto.codigo_fabricante</Item>
            <Item>p.nombre</Item>
            <Item>p.codigo_fabricante</Item>
          </Output>
          <Inner-Unique>true</Inner-Unique>
          <Hash-Cond>((p.codigo_fabricante = producto.codigo_fabricante) AND (p.precio = (max(producto.precio))))</Hash-Cond>
          <Shared-Hit-Blocks>5</Shared-Hit-Blocks>
          <Shared-Read-Blocks>0</Shared-Read-Blocks>
          <Shared-Dirtied-Blocks>0</Shared-Dirtied-Blocks>
          <Shared-Written-Blocks>0</Shared-Written-Blocks>
          <Local-Hit-Blocks>0</Local-Hit-Blocks>
          <Local-Read-Blocks>0</Local-Read-Blocks>
          <Local-Dirtied-Blocks>0</Local-Dirtied-Blocks>
          <Local-Written-Blocks>0</Local-Written-Blocks>
          <Temp-Read-Blocks>0</Temp-Read-Blocks>
          <Temp-Written-Blocks>0</Temp-Written-Blocks>
          <Plans>
            <Plan>
              <Node-Type>Seq Scan</Node-Type>
              <Parent-Relationship>Outer</Parent-Relationship>
              <Parallel-Aware>false</Parallel-Aware>
              <Relation-Name>producto</Relation-Name>
              <Schema>public</Schema>
              <Alias>p</Alias>
              <Startup-Cost>0.00</Startup-Cost>
              <Total-Cost>13.10</Total-Cost>
              <Plan-Rows>310</Plan-Rows>
              <Plan-Width>230</Plan-Width>
              <Actual-Startup-Time>0.049</Actual-Startup-Time>
              <Actual-Total-Time>0.052</Actual-Total-Time>
              <Actual-Rows>11</Actual-Rows>
              <Actual-Loops>1</Actual-Loops>
              <Output>
                <Item>p.codigo</Item>
                <Item>p.nombre</Item>
                <Item>p.precio</Item>
                <Item>p.codigo_fabricante</Item>
              </Output>
              <Shared-Hit-Blocks>1</Shared-Hit-Blocks>
              <Shared-Read-Blocks>0</Shared-Read-Blocks>
              <Shared-Dirtied-Blocks>0</Shared-Dirtied-Blocks>
              <Shared-Written-Blocks>0</Shared-Written-Blocks>
              <Local-Hit-Blocks>0</Local-Hit-Blocks>
              <Local-Read-Blocks>0</Local-Read-Blocks>
              <Local-Dirtied-Blocks>0</Local-Dirtied-Blocks>
              <Local-Written-Blocks>0</Local-Written-Blocks>
              <Temp-Read-Blocks>0</Temp-Read-Blocks>
              <Temp-Written-Blocks>0</Temp-Written-Blocks>
            </Plan>
            <Plan>
              <Node-Type>Hash</Node-Type>
              <Parent-Relationship>Inner</Parent-Relationship>
              <Parallel-Aware>false</Parallel-Aware>
              <Startup-Cost>18.65</Startup-Cost>
              <Total-Cost>18.65</Total-Cost>
              <Plan-Rows>200</Plan-Rows>
              <Plan-Width>12</Plan-Width>
              <Actual-Startup-Time>0.099</Actual-Startup-Time>
              <Actual-Total-Time>0.099</Actual-Total-Time>
              <Actual-Rows>7</Actual-Rows>
              <Actual-Loops>1</Actual-Loops>
              <Output>
                <Item>(max(producto.precio))</Item>
                <Item>producto.codigo_fabricante</Item>
              </Output>
              <Hash-Buckets>1024</Hash-Buckets>
              <Original-Hash-Buckets>1024</Original-Hash-Buckets>
              <Hash-Batches>1</Hash-Batches>
              <Original-Hash-Batches>1</Original-Hash-Batches>
              <Peak-Memory-Usage>9</Peak-Memory-Usage>
              <Shared-Hit-Blocks>1</Shared-Hit-Blocks>
              <Shared-Read-Blocks>0</Shared-Read-Blocks>
              <Shared-Dirtied-Blocks>0</Shared-Dirtied-Blocks>
              <Shared-Written-Blocks>0</Shared-Written-Blocks>
              <Local-Hit-Blocks>0</Local-Hit-Blocks>
              <Local-Read-Blocks>0</Local-Read-Blocks>
              <Local-Dirtied-Blocks>0</Local-Dirtied-Blocks>
              <Local-Written-Blocks>0</Local-Written-Blocks>
              <Temp-Read-Blocks>0</Temp-Read-Blocks>
              <Temp-Written-Blocks>0</Temp-Written-Blocks>
              <Plans>
                <Plan>
                  <Node-Type>Aggregate</Node-Type>
                  <Strategy>Hashed</Strategy>
                  <Partial-Mode>Simple</Partial-Mode>
                  <Parent-Relationship>Outer</Parent-Relationship>
                  <Parallel-Aware>false</Parallel-Aware>
                  <Startup-Cost>14.65</Startup-Cost>
                  <Total-Cost>16.65</Total-Cost>
                  <Plan-Rows>200</Plan-Rows>
                  <Plan-Width>12</Plan-Width>
                  <Actual-Startup-Time>0.066</Actual-Startup-Time>
                  <Actual-Total-Time>0.072</Actual-Total-Time>
                  <Actual-Rows>7</Actual-Rows>
                  <Actual-Loops>1</Actual-Loops>
                  <Output>
                    <Item>max(producto.precio)</Item>
                    <Item>producto.codigo_fabricante</Item>
                  </Output>
                  <Group-Key>
                    <Item>producto.codigo_fabricante</Item>
                  </Group-Key>
                  <Shared-Hit-Blocks>1</Shared-Hit-Blocks>
                  <Shared-Read-Blocks>0</Shared-Read-Blocks>
                  <Shared-Dirtied-Blocks>0</Shared-Dirtied-Blocks>
                  <Shared-Written-Blocks>0</Shared-Written-Blocks>
                  <Local-Hit-Blocks>0</Local-Hit-Blocks>
                  <Local-Read-Blocks>0</Local-Read-Blocks>
                  <Local-Dirtied-Blocks>0</Local-Dirtied-Blocks>
                  <Local-Written-Blocks>0</Local-Written-Blocks>
                  <Temp-Read-Blocks>0</Temp-Read-Blocks>
                  <Temp-Written-Blocks>0</Temp-Written-Blocks>
                  <Plans>
                    <Plan>
                      <Node-Type>Seq Scan</Node-Type>
                      <Parent-Relationship>Outer</Parent-Relationship>
                      <Parallel-Aware>false</Parallel-Aware>
                      <Relation-Name>producto</Relation-Name>
                      <Schema>public</Schema>
                      <Alias>producto</Alias>
                      <Startup-Cost>0.00</Startup-Cost>
                      <Total-Cost>13.10</Total-Cost>
                      <Plan-Rows>310</Plan-Rows>
                      <Plan-Width>12</Plan-Width>
                      <Actual-Startup-Time>0.022</Actual-Startup-Time>
                      <Actual-Total-Time>0.025</Actual-Total-Time>
                      <Actual-Rows>11</Actual-Rows>
                      <Actual-Loops>1</Actual-Loops>
                      <Output>
                        <Item>producto.codigo</Item>
                        <Item>producto.nombre</Item>
                        <Item>producto.precio</Item>
                        <Item>producto.codigo_fabricante</Item>
                      </Output>
                      <Shared-Hit-Blocks>1</Shared-Hit-Blocks>
                      <Shared-Read-Blocks>0</Shared-Read-Blocks>
                      <Shared-Dirtied-Blocks>0</Shared-Dirtied-Blocks>
                      <Shared-Written-Blocks>0</Shared-Written-Blocks>
                      <Local-Hit-Blocks>0</Local-Hit-Blocks>
                      <Local-Read-Blocks>0</Local-Read-Blocks>
                      <Local-Dirtied-Blocks>0</Local-Dirtied-Blocks>
                      <Local-Written-Blocks>0</Local-Written-Blocks>
                      <Temp-Read-Blocks>0</Temp-Read-Blocks>
                      <Temp-Written-Blocks>0</Temp-Written-Blocks>
                    </Plan>
                  </Plans>
                </Plan>
              </Plans>
            </Plan>
          </Plans>
        </Plan>
        <Plan>
          <Node-Type>Index Scan</Node-Type>
          <Parent-Relationship>Inner</Parent-Relationship>
          <Parallel-Aware>false</Parallel-Aware>
          <Scan-Direction>Forward</Scan-Direction>
          <Index-Name>fabricante_pkey</Index-Name>
          <Relation-Name>fabricante</Relation-Name>
          <Schema>public</Schema>
          <Alias>f</Alias>
          <Startup-Cost>0.15</Startup-Cost>
          <Total-Cost>0.32</Total-Cost>
          <Plan-Rows>1</Plan-Rows>
          <Plan-Width>222</Plan-Width>
          <Actual-Startup-Time>0.005</Actual-Startup-Time>
          <Actual-Total-Time>0.005</Actual-Total-Time>
          <Actual-Rows>1</Actual-Rows>
          <Actual-Loops>7</Actual-Loops>
          <Output>
            <Item>f.codigo</Item>
            <Item>f.nombre</Item>
          </Output>
          <Index-Cond>(f.codigo = p.codigo_fabricante)</Index-Cond>
          <Rows-Removed-by-Index-Recheck>0</Rows-Removed-by-Index-Recheck>
          <Shared-Hit-Blocks>14</Shared-Hit-Blocks>
          <Shared-Read-Blocks>0</Shared-Read-Blocks>
          <Shared-Dirtied-Blocks>0</Shared-Dirtied-Blocks>
          <Shared-Written-Blocks>0</Shared-Written-Blocks>
          <Local-Hit-Blocks>0</Local-Hit-Blocks>
          <Local-Read-Blocks>0</Local-Read-Blocks>
          <Local-Dirtied-Blocks>0</Local-Dirtied-Blocks>
          <Local-Written-Blocks>0</Local-Written-Blocks>
          <Temp-Read-Blocks>0</Temp-Read-Blocks>
          <Temp-Written-Blocks>0</Temp-Written-Blocks>
        </Plan>
      </Plans>
    </Plan>
    <Planning-Time>2.890</Planning-Time>
    <Triggers>
    </Triggers>
    <Execution-Time>0.494</Execution-Time>
  </Query>
</explain></Element>
            </Elements>
          </ProfilerResult>
          <ProfilerResult Date="2020-01-24 11:47:22Z" DisplayName="" Duration="0">
            <SQL>SELECT f.nombre, p.precio FROM producto p, fabricante f 
WHERE p.precio IN (SELECT MAX(p.precio) FROM producto p WHERE p.codigo_fabricante= f.codigo );</SQL>
            <Properties>
              <PropertiesRow>
                <Name>ConnectionString</Name>
                <Value>User Id=postgres;Host=localhost;Port=5432;Database=tienda;Unicode=True;Connection Timeout=15;Default Command Timeout=30;Integrated Security=False</Value>
              </PropertiesRow>
              <PropertiesRow>
                <Name>ServerVersion</Name>
                <Value>12.1</Value>
              </PropertiesRow>
              <PropertiesRow>
                <Name>ProfilingResultTime</Name>
                <Value>11:47:22 24/01/2020</Value>
              </PropertiesRow>
            </Properties>
            <Elements>
              <Element Name="SELECT f.nombre, p.precio FROM producto p, fabricante f &#xD;&#xA;WHERE p.precio IN (SELECT MAX(p.precio) FROM producto p WHERE p.codigo_fabricante= f.codigo );"><explain xmlns="http://www.postgresql.org/2009/explain">
  <Query>
    <Plan>
      <Node-Type>Nested Loop</Node-Type>
      <Parallel-Aware>false</Parallel-Aware>
      <Join-Type>Inner</Join-Type>
      <Startup-Cost>0.00</Startup-Cost>
      <Total-Cost>1379031.07</Total-Cost>
      <Plan-Rows>49600</Plan-Rows>
      <Plan-Width>226</Plan-Width>
      <Actual-Startup-Time>0.306</Actual-Startup-Time>
      <Actual-Total-Time>2.372</Actual-Total-Time>
      <Actual-Rows>7</Actual-Rows>
      <Actual-Loops>1</Actual-Loops>
      <Output>
        <Item>f.nombre</Item>
        <Item>p.precio</Item>
      </Output>
      <Inner-Unique>false</Inner-Unique>
      <Join-Filter>(SubPlan 1)</Join-Filter>
      <Rows-Removed-by-Join-Filter>92</Rows-Removed-by-Join-Filter>
      <Shared-Hit-Blocks>101</Shared-Hit-Blocks>
      <Shared-Read-Blocks>0</Shared-Read-Blocks>
      <Shared-Dirtied-Blocks>0</Shared-Dirtied-Blocks>
      <Shared-Written-Blocks>0</Shared-Written-Blocks>
      <Local-Hit-Blocks>0</Local-Hit-Blocks>
      <Local-Read-Blocks>0</Local-Read-Blocks>
      <Local-Dirtied-Blocks>0</Local-Dirtied-Blocks>
      <Local-Written-Blocks>0</Local-Written-Blocks>
      <Temp-Read-Blocks>0</Temp-Read-Blocks>
      <Temp-Written-Blocks>0</Temp-Written-Blocks>
      <Plans>
        <Plan>
          <Node-Type>Seq Scan</Node-Type>
          <Parent-Relationship>Outer</Parent-Relationship>
          <Parallel-Aware>false</Parallel-Aware>
          <Relation-Name>fabricante</Relation-Name>
          <Schema>public</Schema>
          <Alias>f</Alias>
          <Startup-Cost>0.00</Startup-Cost>
          <Total-Cost>13.20</Total-Cost>
          <Plan-Rows>320</Plan-Rows>
          <Plan-Width>222</Plan-Width>
          <Actual-Startup-Time>0.042</Actual-Startup-Time>
          <Actual-Total-Time>0.044</Actual-Total-Time>
          <Actual-Rows>9</Actual-Rows>
          <Actual-Loops>1</Actual-Loops>
          <Output>
            <Item>f.codigo</Item>
            <Item>f.nombre</Item>
          </Output>
          <Shared-Hit-Blocks>1</Shared-Hit-Blocks>
          <Shared-Read-Blocks>0</Shared-Read-Blocks>
          <Shared-Dirtied-Blocks>0</Shared-Dirtied-Blocks>
          <Shared-Written-Blocks>0</Shared-Written-Blocks>
          <Local-Hit-Blocks>0</Local-Hit-Blocks>
          <Local-Read-Blocks>0</Local-Read-Blocks>
          <Local-Dirtied-Blocks>0</Local-Dirtied-Blocks>
          <Local-Written-Blocks>0</Local-Written-Blocks>
          <Temp-Read-Blocks>0</Temp-Read-Blocks>
          <Temp-Written-Blocks>0</Temp-Written-Blocks>
        </Plan>
        <Plan>
          <Node-Type>Materialize</Node-Type>
          <Parent-Relationship>Inner</Parent-Relationship>
          <Parallel-Aware>false</Parallel-Aware>
          <Startup-Cost>0.00</Startup-Cost>
          <Total-Cost>14.65</Total-Cost>
          <Plan-Rows>310</Plan-Rows>
          <Plan-Width>8</Plan-Width>
          <Actual-Startup-Time>0.005</Actual-Startup-Time>
          <Actual-Total-Time>0.008</Actual-Total-Time>
          <Actual-Rows>11</Actual-Rows>
          <Actual-Loops>9</Actual-Loops>
          <Output>
            <Item>p.precio</Item>
          </Output>
          <Shared-Hit-Blocks>1</Shared-Hit-Blocks>
          <Shared-Read-Blocks>0</Shared-Read-Blocks>
          <Shared-Dirtied-Blocks>0</Shared-Dirtied-Blocks>
          <Shared-Written-Blocks>0</Shared-Written-Blocks>
          <Local-Hit-Blocks>0</Local-Hit-Blocks>
          <Local-Read-Blocks>0</Local-Read-Blocks>
          <Local-Dirtied-Blocks>0</Local-Dirtied-Blocks>
          <Local-Written-Blocks>0</Local-Written-Blocks>
          <Temp-Read-Blocks>0</Temp-Read-Blocks>
          <Temp-Written-Blocks>0</Temp-Written-Blocks>
          <Plans>
            <Plan>
              <Node-Type>Seq Scan</Node-Type>
              <Parent-Relationship>Outer</Parent-Relationship>
              <Parallel-Aware>false</Parallel-Aware>
              <Relation-Name>producto</Relation-Name>
              <Schema>public</Schema>
              <Alias>p</Alias>
              <Startup-Cost>0.00</Startup-Cost>
              <Total-Cost>13.10</Total-Cost>
              <Plan-Rows>310</Plan-Rows>
              <Plan-Width>8</Plan-Width>
              <Actual-Startup-Time>0.032</Actual-Startup-Time>
              <Actual-Total-Time>0.036</Actual-Total-Time>
              <Actual-Rows>11</Actual-Rows>
              <Actual-Loops>1</Actual-Loops>
              <Output>
                <Item>p.precio</Item>
              </Output>
              <Shared-Hit-Blocks>1</Shared-Hit-Blocks>
              <Shared-Read-Blocks>0</Shared-Read-Blocks>
              <Shared-Dirtied-Blocks>0</Shared-Dirtied-Blocks>
              <Shared-Written-Blocks>0</Shared-Written-Blocks>
              <Local-Hit-Blocks>0</Local-Hit-Blocks>
              <Local-Read-Blocks>0</Local-Read-Blocks>
              <Local-Dirtied-Blocks>0</Local-Dirtied-Blocks>
              <Local-Written-Blocks>0</Local-Written-Blocks>
              <Temp-Read-Blocks>0</Temp-Read-Blocks>
              <Temp-Written-Blocks>0</Temp-Written-Blocks>
            </Plan>
          </Plans>
        </Plan>
        <Plan>
          <Node-Type>Aggregate</Node-Type>
          <Strategy>Plain</Strategy>
          <Partial-Mode>Simple</Partial-Mode>
          <Parent-Relationship>SubPlan</Parent-Relationship>
          <Subplan-Name>SubPlan 1</Subplan-Name>
          <Parallel-Aware>false</Parallel-Aware>
          <Startup-Cost>13.88</Startup-Cost>
          <Total-Cost>13.89</Total-Cost>
          <Plan-Rows>1</Plan-Rows>
          <Plan-Width>8</Plan-Width>
          <Actual-Startup-Time>0.021</Actual-Startup-Time>
          <Actual-Total-Time>0.021</Actual-Total-Time>
          <Actual-Rows>1</Actual-Rows>
          <Actual-Loops>99</Actual-Loops>
          <Output>
            <Item>max(p_1.precio)</Item>
          </Output>
          <Shared-Hit-Blocks>99</Shared-Hit-Blocks>
          <Shared-Read-Blocks>0</Shared-Read-Blocks>
          <Shared-Dirtied-Blocks>0</Shared-Dirtied-Blocks>
          <Shared-Written-Blocks>0</Shared-Written-Blocks>
          <Local-Hit-Blocks>0</Local-Hit-Blocks>
          <Local-Read-Blocks>0</Local-Read-Blocks>
          <Local-Dirtied-Blocks>0</Local-Dirtied-Blocks>
          <Local-Written-Blocks>0</Local-Written-Blocks>
          <Temp-Read-Blocks>0</Temp-Read-Blocks>
          <Temp-Written-Blocks>0</Temp-Written-Blocks>
          <Plans>
            <Plan>
              <Node-Type>Seq Scan</Node-Type>
              <Parent-Relationship>Outer</Parent-Relationship>
              <Parallel-Aware>false</Parallel-Aware>
              <Relation-Name>producto</Relation-Name>
              <Schema>public</Schema>
              <Alias>p_1</Alias>
              <Startup-Cost>0.00</Startup-Cost>
              <Total-Cost>13.88</Total-Cost>
              <Plan-Rows>2</Plan-Rows>
              <Plan-Width>8</Plan-Width>
              <Actual-Startup-Time>0.003</Actual-Startup-Time>
              <Actual-Total-Time>0.005</Actual-Total-Time>
              <Actual-Rows>1</Actual-Rows>
              <Actual-Loops>99</Actual-Loops>
              <Output>
                <Item>p_1.codigo</Item>
                <Item>p_1.nombre</Item>
                <Item>p_1.precio</Item>
                <Item>p_1.codigo_fabricante</Item>
              </Output>
              <Filter>(p_1.codigo_fabricante = f.codigo)</Filter>
              <Rows-Removed-by-Filter>10</Rows-Removed-by-Filter>
              <Shared-Hit-Blocks>99</Shared-Hit-Blocks>
              <Shared-Read-Blocks>0</Shared-Read-Blocks>
              <Shared-Dirtied-Blocks>0</Shared-Dirtied-Blocks>
              <Shared-Written-Blocks>0</Shared-Written-Blocks>
              <Local-Hit-Blocks>0</Local-Hit-Blocks>
              <Local-Read-Blocks>0</Local-Read-Blocks>
              <Local-Dirtied-Blocks>0</Local-Dirtied-Blocks>
              <Local-Written-Blocks>0</Local-Written-Blocks>
              <Temp-Read-Blocks>0</Temp-Read-Blocks>
              <Temp-Written-Blocks>0</Temp-Written-Blocks>
            </Plan>
          </Plans>
        </Plan>
      </Plans>
    </Plan>
    <Planning-Time>2.825</Planning-Time>
    <Triggers>
    </Triggers>
    <Execution-Time>2.641</Execution-Time>
  </Query>
</explain></Element>
            </Elements>
          </ProfilerResult>
          <ProfilerResult Date="2020-01-24 11:51:36Z" DisplayName="" Duration="0">
            <SQL>SELECT p.nombre FROM producto p
WHERE p.precio IN (SELECT MAX(p.precio) FROM producto p, fabricante f WHERE p.codigo_fabricante= f.codigo AND f.nombre = 'Lenovo')</SQL>
            <Properties>
              <PropertiesRow>
                <Name>ConnectionString</Name>
                <Value>User Id=postgres;Host=localhost;Port=5432;Database=tienda;Unicode=True;Connection Timeout=15;Default Command Timeout=30;Integrated Security=False</Value>
              </PropertiesRow>
              <PropertiesRow>
                <Name>ServerVersion</Name>
                <Value>12.1</Value>
              </PropertiesRow>
              <PropertiesRow>
                <Name>ProfilingResultTime</Name>
                <Value>11:51:36 24/01/2020</Value>
              </PropertiesRow>
            </Properties>
            <Elements>
              <Element Name="SELECT p.nombre FROM producto p&#xD;&#xA;WHERE p.precio IN (SELECT MAX(p.precio) FROM producto p, fabricante f WHERE p.codigo_fabricante= f.codigo AND f.nombre = 'Lenovo')"><explain xmlns="http://www.postgresql.org/2009/explain">
  <Query>
    <Plan>
      <Node-Type>Hash Join</Node-Type>
      <Parallel-Aware>false</Parallel-Aware>
      <Join-Type>Inner</Join-Type>
      <Startup-Cost>27.99</Startup-Cost>
      <Total-Cost>41.92</Total-Cost>
      <Plan-Rows>2</Plan-Rows>
      <Plan-Width>218</Plan-Width>
      <Actual-Startup-Time>0.155</Actual-Startup-Time>
      <Actual-Total-Time>0.157</Actual-Total-Time>
      <Actual-Rows>1</Actual-Rows>
      <Actual-Loops>1</Actual-Loops>
      <Output>
        <Item>p.nombre</Item>
      </Output>
      <Inner-Unique>true</Inner-Unique>
      <Hash-Cond>(p.precio = (max(p_1.precio)))</Hash-Cond>
      <Shared-Hit-Blocks>9</Shared-Hit-Blocks>
      <Shared-Read-Blocks>0</Shared-Read-Blocks>
      <Shared-Dirtied-Blocks>0</Shared-Dirtied-Blocks>
      <Shared-Written-Blocks>0</Shared-Written-Blocks>
      <Local-Hit-Blocks>0</Local-Hit-Blocks>
      <Local-Read-Blocks>0</Local-Read-Blocks>
      <Local-Dirtied-Blocks>0</Local-Dirtied-Blocks>
      <Local-Written-Blocks>0</Local-Written-Blocks>
      <Temp-Read-Blocks>0</Temp-Read-Blocks>
      <Temp-Written-Blocks>0</Temp-Written-Blocks>
      <Plans>
        <Plan>
          <Node-Type>Seq Scan</Node-Type>
          <Parent-Relationship>Outer</Parent-Relationship>
          <Parallel-Aware>false</Parallel-Aware>
          <Relation-Name>producto</Relation-Name>
          <Schema>public</Schema>
          <Alias>p</Alias>
          <Startup-Cost>0.00</Startup-Cost>
          <Total-Cost>13.10</Total-Cost>
          <Plan-Rows>310</Plan-Rows>
          <Plan-Width>226</Plan-Width>
          <Actual-Startup-Time>0.018</Actual-Startup-Time>
          <Actual-Total-Time>0.019</Actual-Total-Time>
          <Actual-Rows>11</Actual-Rows>
          <Actual-Loops>1</Actual-Loops>
          <Output>
            <Item>p.codigo</Item>
            <Item>p.nombre</Item>
            <Item>p.precio</Item>
            <Item>p.codigo_fabricante</Item>
          </Output>
          <Shared-Hit-Blocks>1</Shared-Hit-Blocks>
          <Shared-Read-Blocks>0</Shared-Read-Blocks>
          <Shared-Dirtied-Blocks>0</Shared-Dirtied-Blocks>
          <Shared-Written-Blocks>0</Shared-Written-Blocks>
          <Local-Hit-Blocks>0</Local-Hit-Blocks>
          <Local-Read-Blocks>0</Local-Read-Blocks>
          <Local-Dirtied-Blocks>0</Local-Dirtied-Blocks>
          <Local-Written-Blocks>0</Local-Written-Blocks>
          <Temp-Read-Blocks>0</Temp-Read-Blocks>
          <Temp-Written-Blocks>0</Temp-Written-Blocks>
        </Plan>
        <Plan>
          <Node-Type>Hash</Node-Type>
          <Parent-Relationship>Inner</Parent-Relationship>
          <Parallel-Aware>false</Parallel-Aware>
          <Startup-Cost>27.97</Startup-Cost>
          <Total-Cost>27.97</Total-Cost>
          <Plan-Rows>1</Plan-Rows>
          <Plan-Width>8</Plan-Width>
          <Actual-Startup-Time>0.105</Actual-Startup-Time>
          <Actual-Total-Time>0.105</Actual-Total-Time>
          <Actual-Rows>1</Actual-Rows>
          <Actual-Loops>1</Actual-Loops>
          <Output>
            <Item>(max(p_1.precio))</Item>
          </Output>
          <Hash-Buckets>1024</Hash-Buckets>
          <Original-Hash-Buckets>1024</Original-Hash-Buckets>
          <Hash-Batches>1</Hash-Batches>
          <Original-Hash-Batches>1</Original-Hash-Batches>
          <Peak-Memory-Usage>9</Peak-Memory-Usage>
          <Shared-Hit-Blocks>5</Shared-Hit-Blocks>
          <Shared-Read-Blocks>0</Shared-Read-Blocks>
          <Shared-Dirtied-Blocks>0</Shared-Dirtied-Blocks>
          <Shared-Written-Blocks>0</Shared-Written-Blocks>
          <Local-Hit-Blocks>0</Local-Hit-Blocks>
          <Local-Read-Blocks>0</Local-Read-Blocks>
          <Local-Dirtied-Blocks>0</Local-Dirtied-Blocks>
          <Local-Written-Blocks>0</Local-Written-Blocks>
          <Temp-Read-Blocks>0</Temp-Read-Blocks>
          <Temp-Written-Blocks>0</Temp-Written-Blocks>
          <Plans>
            <Plan>
              <Node-Type>Aggregate</Node-Type>
              <Strategy>Plain</Strategy>
              <Partial-Mode>Simple</Partial-Mode>
              <Parent-Relationship>Outer</Parent-Relationship>
              <Parallel-Aware>false</Parallel-Aware>
              <Startup-Cost>27.95</Startup-Cost>
              <Total-Cost>27.96</Total-Cost>
              <Plan-Rows>1</Plan-Rows>
              <Plan-Width>8</Plan-Width>
              <Actual-Startup-Time>0.098</Actual-Startup-Time>
              <Actual-Total-Time>0.098</Actual-Total-Time>
              <Actual-Rows>1</Actual-Rows>
              <Actual-Loops>1</Actual-Loops>
              <Output>
                <Item>max(p_1.precio)</Item>
              </Output>
              <Shared-Hit-Blocks>5</Shared-Hit-Blocks>
              <Shared-Read-Blocks>0</Shared-Read-Blocks>
              <Shared-Dirtied-Blocks>0</Shared-Dirtied-Blocks>
              <Shared-Written-Blocks>0</Shared-Written-Blocks>
              <Local-Hit-Blocks>0</Local-Hit-Blocks>
              <Local-Read-Blocks>0</Local-Read-Blocks>
              <Local-Dirtied-Blocks>0</Local-Dirtied-Blocks>
              <Local-Written-Blocks>0</Local-Written-Blocks>
              <Temp-Read-Blocks>0</Temp-Read-Blocks>
              <Temp-Written-Blocks>0</Temp-Written-Blocks>
              <Plans>
                <Plan>
                  <Node-Type>Hash Join</Node-Type>
                  <Parent-Relationship>Outer</Parent-Relationship>
                  <Parallel-Aware>false</Parallel-Aware>
                  <Join-Type>Inner</Join-Type>
                  <Startup-Cost>14.03</Startup-Cost>
                  <Total-Cost>27.95</Total-Cost>
                  <Plan-Rows>2</Plan-Rows>
                  <Plan-Width>8</Plan-Width>
                  <Actual-Startup-Time>0.088</Actual-Startup-Time>
                  <Actual-Total-Time>0.090</Actual-Total-Time>
                  <Actual-Rows>2</Actual-Rows>
                  <Actual-Loops>1</Actual-Loops>
                  <Output>
                    <Item>p_1.precio</Item>
                  </Output>
                  <Inner-Unique>true</Inner-Unique>
                  <Hash-Cond>(p_1.codigo_fabricante = f.codigo)</Hash-Cond>
                  <Shared-Hit-Blocks>5</Shared-Hit-Blocks>
                  <Shared-Read-Blocks>0</Shared-Read-Blocks>
                  <Shared-Dirtied-Blocks>0</Shared-Dirtied-Blocks>
                  <Shared-Written-Blocks>0</Shared-Written-Blocks>
                  <Local-Hit-Blocks>0</Local-Hit-Blocks>
                  <Local-Read-Blocks>0</Local-Read-Blocks>
                  <Local-Dirtied-Blocks>0</Local-Dirtied-Blocks>
                  <Local-Written-Blocks>0</Local-Written-Blocks>
                  <Temp-Read-Blocks>0</Temp-Read-Blocks>
                  <Temp-Written-Blocks>0</Temp-Written-Blocks>
                  <Plans>
                    <Plan>
                      <Node-Type>Seq Scan</Node-Type>
                      <Parent-Relationship>Outer</Parent-Relationship>
                      <Parallel-Aware>false</Parallel-Aware>
                      <Relation-Name>producto</Relation-Name>
                      <Schema>public</Schema>
                      <Alias>p_1</Alias>
                      <Startup-Cost>0.00</Startup-Cost>
                      <Total-Cost>13.10</Total-Cost>
                      <Plan-Rows>310</Plan-Rows>
                      <Plan-Width>12</Plan-Width>
                      <Actual-Startup-Time>0.011</Actual-Startup-Time>
                      <Actual-Total-Time>0.012</Actual-Total-Time>
                      <Actual-Rows>11</Actual-Rows>
                      <Actual-Loops>1</Actual-Loops>
                      <Output>
                        <Item>p_1.codigo</Item>
                        <Item>p_1.nombre</Item>
                        <Item>p_1.precio</Item>
                        <Item>p_1.codigo_fabricante</Item>
                      </Output>
                      <Shared-Hit-Blocks>1</Shared-Hit-Blocks>
                      <Shared-Read-Blocks>0</Shared-Read-Blocks>
                      <Shared-Dirtied-Blocks>0</Shared-Dirtied-Blocks>
                      <Shared-Written-Blocks>0</Shared-Written-Blocks>
                      <Local-Hit-Blocks>0</Local-Hit-Blocks>
                      <Local-Read-Blocks>0</Local-Read-Blocks>
                      <Local-Dirtied-Blocks>0</Local-Dirtied-Blocks>
                      <Local-Written-Blocks>0</Local-Written-Blocks>
                      <Temp-Read-Blocks>0</Temp-Read-Blocks>
                      <Temp-Written-Blocks>0</Temp-Written-Blocks>
                    </Plan>
                    <Plan>
                      <Node-Type>Hash</Node-Type>
                      <Parent-Relationship>Inner</Parent-Relationship>
                      <Parallel-Aware>false</Parallel-Aware>
                      <Startup-Cost>14.00</Startup-Cost>
                      <Total-Cost>14.00</Total-Cost>
                      <Plan-Rows>2</Plan-Rows>
                      <Plan-Width>4</Plan-Width>
                      <Actual-Startup-Time>0.049</Actual-Startup-Time>
                      <Actual-Total-Time>0.049</Actual-Total-Time>
                      <Actual-Rows>1</Actual-Rows>
                      <Actual-Loops>1</Actual-Loops>
                      <Output>
                        <Item>f.codigo</Item>
                      </Output>
                      <Hash-Buckets>1024</Hash-Buckets>
                      <Original-Hash-Buckets>1024</Original-Hash-Buckets>
                      <Hash-Batches>1</Hash-Batches>
                      <Original-Hash-Batches>1</Original-Hash-Batches>
                      <Peak-Memory-Usage>9</Peak-Memory-Usage>
                      <Shared-Hit-Blocks>1</Shared-Hit-Blocks>
                      <Shared-Read-Blocks>0</Shared-Read-Blocks>
                      <Shared-Dirtied-Blocks>0</Shared-Dirtied-Blocks>
                      <Shared-Written-Blocks>0</Shared-Written-Blocks>
                      <Local-Hit-Blocks>0</Local-Hit-Blocks>
                      <Local-Read-Blocks>0</Local-Read-Blocks>
                      <Local-Dirtied-Blocks>0</Local-Dirtied-Blocks>
                      <Local-Written-Blocks>0</Local-Written-Blocks>
                      <Temp-Read-Blocks>0</Temp-Read-Blocks>
                      <Temp-Written-Blocks>0</Temp-Written-Blocks>
                      <Plans>
                        <Plan>
                          <Node-Type>Seq Scan</Node-Type>
                          <Parent-Relationship>Outer</Parent-Relationship>
                          <Parallel-Aware>false</Parallel-Aware>
                          <Relation-Name>fabricante</Relation-Name>
                          <Schema>public</Schema>
                          <Alias>f</Alias>
                          <Startup-Cost>0.00</Startup-Cost>
                          <Total-Cost>14.00</Total-Cost>
                          <Plan-Rows>2</Plan-Rows>
                          <Plan-Width>4</Plan-Width>
                          <Actual-Startup-Time>0.037</Actual-Startup-Time>
                          <Actual-Total-Time>0.039</Actual-Total-Time>
                          <Actual-Rows>1</Actual-Rows>
                          <Actual-Loops>1</Actual-Loops>
                          <Output>
                            <Item>f.codigo</Item>
                          </Output>
                          <Filter>((f.nombre)::text = 'Lenovo'::text)</Filter>
                          <Rows-Removed-by-Filter>8</Rows-Removed-by-Filter>
                          <Shared-Hit-Blocks>1</Shared-Hit-Blocks>
                          <Shared-Read-Blocks>0</Shared-Read-Blocks>
                          <Shared-Dirtied-Blocks>0</Shared-Dirtied-Blocks>
                          <Shared-Written-Blocks>0</Shared-Written-Blocks>
                          <Local-Hit-Blocks>0</Local-Hit-Blocks>
                          <Local-Read-Blocks>0</Local-Read-Blocks>
                          <Local-Dirtied-Blocks>0</Local-Dirtied-Blocks>
                          <Local-Written-Blocks>0</Local-Written-Blocks>
                          <Temp-Read-Blocks>0</Temp-Read-Blocks>
                          <Temp-Written-Blocks>0</Temp-Written-Blocks>
                        </Plan>
                      </Plans>
                    </Plan>
                  </Plans>
                </Plan>
              </Plans>
            </Plan>
          </Plans>
        </Plan>
      </Plans>
    </Plan>
    <Planning-Time>1.270</Planning-Time>
    <Triggers>
    </Triggers>
    <Execution-Time>0.215</Execution-Time>
  </Query>
</explain></Element>
            </Elements>
          </ProfilerResult>
          <ProfilerResult Date="2020-01-24 11:55:43Z" DisplayName="" Duration="0">
            <SQL>SELECT p.nombre FROM producto p
WHERE p.precio in (SELECT MAX(p.precio) FROM producto p, fabricante f WHERE p.codigo_fabricante= f.codigo AND f.nombre = 'Lenovo')</SQL>
            <Properties>
              <PropertiesRow>
                <Name>ConnectionString</Name>
                <Value>User Id=postgres;Host=localhost;Port=5432;Database=tienda;Unicode=True;Connection Timeout=15;Default Command Timeout=30;Integrated Security=False</Value>
              </PropertiesRow>
              <PropertiesRow>
                <Name>ServerVersion</Name>
                <Value>12.1</Value>
              </PropertiesRow>
              <PropertiesRow>
                <Name>ProfilingResultTime</Name>
                <Value>11:55:43 24/01/2020</Value>
              </PropertiesRow>
            </Properties>
            <Elements>
              <Element Name="SELECT p.nombre FROM producto p&#xD;&#xA;WHERE p.precio in (SELECT MAX(p.precio) FROM producto p, fabricante f WHERE p.codigo_fabricante= f.codigo AND f.nombre = 'Lenovo')"><explain xmlns="http://www.postgresql.org/2009/explain">
  <Query>
    <Plan>
      <Node-Type>Hash Join</Node-Type>
      <Parallel-Aware>false</Parallel-Aware>
      <Join-Type>Inner</Join-Type>
      <Startup-Cost>27.99</Startup-Cost>
      <Total-Cost>41.92</Total-Cost>
      <Plan-Rows>2</Plan-Rows>
      <Plan-Width>218</Plan-Width>
      <Actual-Startup-Time>0.192</Actual-Startup-Time>
      <Actual-Total-Time>0.193</Actual-Total-Time>
      <Actual-Rows>1</Actual-Rows>
      <Actual-Loops>1</Actual-Loops>
      <Output>
        <Item>p.nombre</Item>
      </Output>
      <Inner-Unique>true</Inner-Unique>
      <Hash-Cond>(p.precio = (max(p_1.precio)))</Hash-Cond>
      <Shared-Hit-Blocks>9</Shared-Hit-Blocks>
      <Shared-Read-Blocks>0</Shared-Read-Blocks>
      <Shared-Dirtied-Blocks>0</Shared-Dirtied-Blocks>
      <Shared-Written-Blocks>0</Shared-Written-Blocks>
      <Local-Hit-Blocks>0</Local-Hit-Blocks>
      <Local-Read-Blocks>0</Local-Read-Blocks>
      <Local-Dirtied-Blocks>0</Local-Dirtied-Blocks>
      <Local-Written-Blocks>0</Local-Written-Blocks>
      <Temp-Read-Blocks>0</Temp-Read-Blocks>
      <Temp-Written-Blocks>0</Temp-Written-Blocks>
      <Plans>
        <Plan>
          <Node-Type>Seq Scan</Node-Type>
          <Parent-Relationship>Outer</Parent-Relationship>
          <Parallel-Aware>false</Parallel-Aware>
          <Relation-Name>producto</Relation-Name>
          <Schema>public</Schema>
          <Alias>p</Alias>
          <Startup-Cost>0.00</Startup-Cost>
          <Total-Cost>13.10</Total-Cost>
          <Plan-Rows>310</Plan-Rows>
          <Plan-Width>226</Plan-Width>
          <Actual-Startup-Time>0.039</Actual-Startup-Time>
          <Actual-Total-Time>0.040</Actual-Total-Time>
          <Actual-Rows>11</Actual-Rows>
          <Actual-Loops>1</Actual-Loops>
          <Output>
            <Item>p.codigo</Item>
            <Item>p.nombre</Item>
            <Item>p.precio</Item>
            <Item>p.codigo_fabricante</Item>
          </Output>
          <Shared-Hit-Blocks>1</Shared-Hit-Blocks>
          <Shared-Read-Blocks>0</Shared-Read-Blocks>
          <Shared-Dirtied-Blocks>0</Shared-Dirtied-Blocks>
          <Shared-Written-Blocks>0</Shared-Written-Blocks>
          <Local-Hit-Blocks>0</Local-Hit-Blocks>
          <Local-Read-Blocks>0</Local-Read-Blocks>
          <Local-Dirtied-Blocks>0</Local-Dirtied-Blocks>
          <Local-Written-Blocks>0</Local-Written-Blocks>
          <Temp-Read-Blocks>0</Temp-Read-Blocks>
          <Temp-Written-Blocks>0</Temp-Written-Blocks>
        </Plan>
        <Plan>
          <Node-Type>Hash</Node-Type>
          <Parent-Relationship>Inner</Parent-Relationship>
          <Parallel-Aware>false</Parallel-Aware>
          <Startup-Cost>27.97</Startup-Cost>
          <Total-Cost>27.97</Total-Cost>
          <Plan-Rows>1</Plan-Rows>
          <Plan-Width>8</Plan-Width>
          <Actual-Startup-Time>0.110</Actual-Startup-Time>
          <Actual-Total-Time>0.110</Actual-Total-Time>
          <Actual-Rows>1</Actual-Rows>
          <Actual-Loops>1</Actual-Loops>
          <Output>
            <Item>(max(p_1.precio))</Item>
          </Output>
          <Hash-Buckets>1024</Hash-Buckets>
          <Original-Hash-Buckets>1024</Original-Hash-Buckets>
          <Hash-Batches>1</Hash-Batches>
          <Original-Hash-Batches>1</Original-Hash-Batches>
          <Peak-Memory-Usage>9</Peak-Memory-Usage>
          <Shared-Hit-Blocks>5</Shared-Hit-Blocks>
          <Shared-Read-Blocks>0</Shared-Read-Blocks>
          <Shared-Dirtied-Blocks>0</Shared-Dirtied-Blocks>
          <Shared-Written-Blocks>0</Shared-Written-Blocks>
          <Local-Hit-Blocks>0</Local-Hit-Blocks>
          <Local-Read-Blocks>0</Local-Read-Blocks>
          <Local-Dirtied-Blocks>0</Local-Dirtied-Blocks>
          <Local-Written-Blocks>0</Local-Written-Blocks>
          <Temp-Read-Blocks>0</Temp-Read-Blocks>
          <Temp-Written-Blocks>0</Temp-Written-Blocks>
          <Plans>
            <Plan>
              <Node-Type>Aggregate</Node-Type>
              <Strategy>Plain</Strategy>
              <Partial-Mode>Simple</Partial-Mode>
              <Parent-Relationship>Outer</Parent-Relationship>
              <Parallel-Aware>false</Parallel-Aware>
              <Startup-Cost>27.95</Startup-Cost>
              <Total-Cost>27.96</Total-Cost>
              <Plan-Rows>1</Plan-Rows>
              <Plan-Width>8</Plan-Width>
              <Actual-Startup-Time>0.101</Actual-Startup-Time>
              <Actual-Total-Time>0.101</Actual-Total-Time>
              <Actual-Rows>1</Actual-Rows>
              <Actual-Loops>1</Actual-Loops>
              <Output>
                <Item>max(p_1.precio)</Item>
              </Output>
              <Shared-Hit-Blocks>5</Shared-Hit-Blocks>
              <Shared-Read-Blocks>0</Shared-Read-Blocks>
              <Shared-Dirtied-Blocks>0</Shared-Dirtied-Blocks>
              <Shared-Written-Blocks>0</Shared-Written-Blocks>
              <Local-Hit-Blocks>0</Local-Hit-Blocks>
              <Local-Read-Blocks>0</Local-Read-Blocks>
              <Local-Dirtied-Blocks>0</Local-Dirtied-Blocks>
              <Local-Written-Blocks>0</Local-Written-Blocks>
              <Temp-Read-Blocks>0</Temp-Read-Blocks>
              <Temp-Written-Blocks>0</Temp-Written-Blocks>
              <Plans>
                <Plan>
                  <Node-Type>Hash Join</Node-Type>
                  <Parent-Relationship>Outer</Parent-Relationship>
                  <Parallel-Aware>false</Parallel-Aware>
                  <Join-Type>Inner</Join-Type>
                  <Startup-Cost>14.03</Startup-Cost>
                  <Total-Cost>27.95</Total-Cost>
                  <Plan-Rows>2</Plan-Rows>
                  <Plan-Width>8</Plan-Width>
                  <Actual-Startup-Time>0.089</Actual-Startup-Time>
                  <Actual-Total-Time>0.092</Actual-Total-Time>
                  <Actual-Rows>2</Actual-Rows>
                  <Actual-Loops>1</Actual-Loops>
                  <Output>
                    <Item>p_1.precio</Item>
                  </Output>
                  <Inner-Unique>true</Inner-Unique>
                  <Hash-Cond>(p_1.codigo_fabricante = f.codigo)</Hash-Cond>
                  <Shared-Hit-Blocks>5</Shared-Hit-Blocks>
                  <Shared-Read-Blocks>0</Shared-Read-Blocks>
                  <Shared-Dirtied-Blocks>0</Shared-Dirtied-Blocks>
                  <Shared-Written-Blocks>0</Shared-Written-Blocks>
                  <Local-Hit-Blocks>0</Local-Hit-Blocks>
                  <Local-Read-Blocks>0</Local-Read-Blocks>
                  <Local-Dirtied-Blocks>0</Local-Dirtied-Blocks>
                  <Local-Written-Blocks>0</Local-Written-Blocks>
                  <Temp-Read-Blocks>0</Temp-Read-Blocks>
                  <Temp-Written-Blocks>0</Temp-Written-Blocks>
                  <Plans>
                    <Plan>
                      <Node-Type>Seq Scan</Node-Type>
                      <Parent-Relationship>Outer</Parent-Relationship>
                      <Parallel-Aware>false</Parallel-Aware>
                      <Relation-Name>producto</Relation-Name>
                      <Schema>public</Schema>
                      <Alias>p_1</Alias>
                      <Startup-Cost>0.00</Startup-Cost>
                      <Total-Cost>13.10</Total-Cost>
                      <Plan-Rows>310</Plan-Rows>
                      <Plan-Width>12</Plan-Width>
                      <Actual-Startup-Time>0.013</Actual-Startup-Time>
                      <Actual-Total-Time>0.015</Actual-Total-Time>
                      <Actual-Rows>11</Actual-Rows>
                      <Actual-Loops>1</Actual-Loops>
                      <Output>
                        <Item>p_1.codigo</Item>
                        <Item>p_1.nombre</Item>
                        <Item>p_1.precio</Item>
                        <Item>p_1.codigo_fabricante</Item>
                      </Output>
                      <Shared-Hit-Blocks>1</Shared-Hit-Blocks>
                      <Shared-Read-Blocks>0</Shared-Read-Blocks>
                      <Shared-Dirtied-Blocks>0</Shared-Dirtied-Blocks>
                      <Shared-Written-Blocks>0</Shared-Written-Blocks>
                      <Local-Hit-Blocks>0</Local-Hit-Blocks>
                      <Local-Read-Blocks>0</Local-Read-Blocks>
                      <Local-Dirtied-Blocks>0</Local-Dirtied-Blocks>
                      <Local-Written-Blocks>0</Local-Written-Blocks>
                      <Temp-Read-Blocks>0</Temp-Read-Blocks>
                      <Temp-Written-Blocks>0</Temp-Written-Blocks>
                    </Plan>
                    <Plan>
                      <Node-Type>Hash</Node-Type>
                      <Parent-Relationship>Inner</Parent-Relationship>
                      <Parallel-Aware>false</Parallel-Aware>
                      <Startup-Cost>14.00</Startup-Cost>
                      <Total-Cost>14.00</Total-Cost>
                      <Plan-Rows>2</Plan-Rows>
                      <Plan-Width>4</Plan-Width>
                      <Actual-Startup-Time>0.043</Actual-Startup-Time>
                      <Actual-Total-Time>0.043</Actual-Total-Time>
                      <Actual-Rows>1</Actual-Rows>
                      <Actual-Loops>1</Actual-Loops>
                      <Output>
                        <Item>f.codigo</Item>
                      </Output>
                      <Hash-Buckets>1024</Hash-Buckets>
                      <Original-Hash-Buckets>1024</Original-Hash-Buckets>
                      <Hash-Batches>1</Hash-Batches>
                      <Original-Hash-Batches>1</Original-Hash-Batches>
                      <Peak-Memory-Usage>9</Peak-Memory-Usage>
                      <Shared-Hit-Blocks>1</Shared-Hit-Blocks>
                      <Shared-Read-Blocks>0</Shared-Read-Blocks>
                      <Shared-Dirtied-Blocks>0</Shared-Dirtied-Blocks>
                      <Shared-Written-Blocks>0</Shared-Written-Blocks>
                      <Local-Hit-Blocks>0</Local-Hit-Blocks>
                      <Local-Read-Blocks>0</Local-Read-Blocks>
                      <Local-Dirtied-Blocks>0</Local-Dirtied-Blocks>
                      <Local-Written-Blocks>0</Local-Written-Blocks>
                      <Temp-Read-Blocks>0</Temp-Read-Blocks>
                      <Temp-Written-Blocks>0</Temp-Written-Blocks>
                      <Plans>
                        <Plan>
                          <Node-Type>Seq Scan</Node-Type>
                          <Parent-Relationship>Outer</Parent-Relationship>
                          <Parallel-Aware>false</Parallel-Aware>
                          <Relation-Name>fabricante</Relation-Name>
                          <Schema>public</Schema>
                          <Alias>f</Alias>
                          <Startup-Cost>0.00</Startup-Cost>
                          <Total-Cost>14.00</Total-Cost>
                          <Plan-Rows>2</Plan-Rows>
                          <Plan-Width>4</Plan-Width>
                          <Actual-Startup-Time>0.029</Actual-Startup-Time>
                          <Actual-Total-Time>0.031</Actual-Total-Time>
                          <Actual-Rows>1</Actual-Rows>
                          <Actual-Loops>1</Actual-Loops>
                          <Output>
                            <Item>f.codigo</Item>
                          </Output>
                          <Filter>((f.nombre)::text = 'Lenovo'::text)</Filter>
                          <Rows-Removed-by-Filter>8</Rows-Removed-by-Filter>
                          <Shared-Hit-Blocks>1</Shared-Hit-Blocks>
                          <Shared-Read-Blocks>0</Shared-Read-Blocks>
                          <Shared-Dirtied-Blocks>0</Shared-Dirtied-Blocks>
                          <Shared-Written-Blocks>0</Shared-Written-Blocks>
                          <Local-Hit-Blocks>0</Local-Hit-Blocks>
                          <Local-Read-Blocks>0</Local-Read-Blocks>
                          <Local-Dirtied-Blocks>0</Local-Dirtied-Blocks>
                          <Local-Written-Blocks>0</Local-Written-Blocks>
                          <Temp-Read-Blocks>0</Temp-Read-Blocks>
                          <Temp-Written-Blocks>0</Temp-Written-Blocks>
                        </Plan>
                      </Plans>
                    </Plan>
                  </Plans>
                </Plan>
              </Plans>
            </Plan>
          </Plans>
        </Plan>
      </Plans>
    </Plan>
    <Planning-Time>1.530</Planning-Time>
    <Triggers>
    </Triggers>
    <Execution-Time>0.263</Execution-Time>
  </Query>
</explain></Element>
            </Elements>
          </ProfilerResult>
        </ProfilerHistory>
      </Data>
    </View>
    <View Name="PivotGrid" Visible="False" />
  </Views>
  <ProfilingMode Enabled="True" />
</Document>